<?xml version="1.0" encoding="utf-8"?><testsuites name="pytest tests"><testsuite name="pytest" errors="0" failures="0" skipped="0" tests="10" time="3.879" timestamp="2026-03-18T15:20:25.686720+00:00" hostname="agent-env-46645834-ee17-48bc-bc23-6641da1c4ca1"><testcase classname="backend.tests.test_attendance_duplicates_fix.TestUniqueIndexExists" name="test_duplicate_insert_prevented_by_index" time="0.758" /><testcase classname="backend.tests.test_attendance_duplicates_fix.TestBiometricImportTwoChunksOneRecord" name="test_two_chunks_same_employee_date_one_record" time="0.394" /><testcase classname="backend.tests.test_attendance_duplicates_fix.TestBiometricImportMinInMaxOut" name="test_in_min_out_max_across_chunks" time="0.523" /><testcase classname="backend.tests.test_attendance_duplicates_fix.TestBiometricImportSinglePunch" name="test_single_punch_in_set_out_null" time="0.231" /><testcase classname="backend.tests.test_attendance_duplicates_fix.TestGetAttendanceDateFiltering" name="test_date_filtering_returns_correct_range" time="0.487" /><testcase classname="backend.tests.test_attendance_duplicates_fix.TestGetAttendanceDateFiltering" name="test_date_filtering_excludes_out_of_range" time="0.508" /><testcase classname="backend.tests.test_attendance_duplicates_fix.TestGetAttendanceSortOrder" name="test_results_sorted_date_descending" time="0.350" /><testcase classname="backend.tests.test_attendance_duplicates_fix.TestNoDuplicatesInDatabase" name="test_no_duplicates_for_employee_date" time="0.190" /><testcase classname="backend.tests.test_attendance_duplicates_fix.TestBiometricImportResponseFormat" name="test_response_includes_required_fields" time="0.116" /><testcase classname="backend.tests.test_attendance_duplicates_fix.TestManualAttendanceNotAffected" name="test_manual_attendance_preserved_by_biometric_import" time="0.249" /></testsuite></testsuites>