<?xml version="1.0" encoding="utf-8"?><testsuites name="pytest tests"><testsuite name="pytest" errors="0" failures="0" skipped="1" tests="17" time="3.148" timestamp="2026-03-18T14:32:56.339040+00:00" hostname="agent-env-46645834-ee17-48bc-bc23-6641da1c4ca1"><testcase classname="backend.tests.test_biometric_import.TestBiometricImportAuth" name="test_import_biometric_requires_auth_401" time="0.226" /><testcase classname="backend.tests.test_biometric_import.TestBiometricImportAuth" name="test_import_biometric_rejects_non_admin_403" time="0.115"><skipped type="pytest.skip" message="No employee token available">/app/backend/tests/test_biometric_import.py:53: No employee token available</skipped></testcase><testcase classname="backend.tests.test_biometric_import.TestBiometricImportMapping" name="test_correct_mapping_via_biometric_id" time="0.254" /><testcase classname="backend.tests.test_biometric_import.TestBiometricImportMapping" name="test_unmapped_device_user_id_counted" time="0.122" /><testcase classname="backend.tests.test_biometric_import.TestBiometricImportValidation" name="test_skips_missing_device_user_id" time="0.124" /><testcase classname="backend.tests.test_biometric_import.TestBiometricImportValidation" name="test_skips_missing_record_time" time="0.113" /><testcase classname="backend.tests.test_biometric_import.TestBiometricImportValidation" name="test_invalid_json_body_error" time="0.121" /><testcase classname="backend.tests.test_biometric_import.TestBiometricImportValidation" name="test_empty_array_error" time="0.124" /><testcase classname="backend.tests.test_biometric_import.TestBiometricImportPunchGrouping" name="test_groups_punches_by_employee_date" time="0.135" /><testcase classname="backend.tests.test_biometric_import.TestBiometricImportPunchGrouping" name="test_in_time_is_earliest_out_time_is_latest" time="0.298" /><testcase classname="backend.tests.test_biometric_import.TestBiometricImportUpsert" name="test_creates_new_attendance_with_source_biometric" time="0.242" /><testcase classname="backend.tests.test_biometric_import.TestBiometricImportUpsert" name="test_upsert_updates_in_to_min_out_to_max" time="0.507" /><testcase classname="backend.tests.test_biometric_import.TestBiometricImportTotalHours" name="test_calculates_total_hours_correctly" time="0.218" /><testcase classname="backend.tests.test_biometric_import.TestBiometricImportResponse" name="test_response_returns_correct_counts" time="0.106" /><testcase classname="backend.tests.test_biometric_import.TestBiometricImportAudit" name="test_raw_punch_logs_stored_for_audit" time="0.110" /><testcase classname="backend.tests.test_biometric_import.TestBiometricImportLargeBatch" name="test_handles_large_batch_50_plus_records" time="0.103" /><testcase classname="backend.tests.test_biometric_import.TestBiometricImportMultipleEmployees" name="test_multiple_employees_same_day" time="0.149" /></testsuite></testsuites>