<?xml version="1.0" encoding="utf-8"?><testsuites name="pytest tests"><testsuite name="pytest" errors="0" failures="0" skipped="0" tests="19" time="93.643" timestamp="2026-09-03T16:56:30.939497+00:00" hostname="agent-env-d2b154a6-5072-46ae-9b41-0f74a8491535"><testcase classname="tests.test_brsf_overall" name="test_reward_band_boundaries" time="5.117" /><testcase classname="tests.test_brsf_overall" name="test_report_months_and_skipped" time="71.115" /><testcase classname="tests.test_brsf_overall" name="test_reward_bands_payload_labels" time="0.000" /><testcase classname="tests.test_brsf_overall" name="test_rows_shape_and_cells" time="0.000" /><testcase classname="tests.test_brsf_overall" name="test_cash_total_equals_sum_of_value_cells" time="0.000" /><testcase classname="tests.test_brsf_overall" name="test_eligibility_inactive_anuj" time="0.000" /><testcase classname="tests.test_brsf_overall" name="test_eligibility_confirmation_aparna" time="0.000" /><testcase classname="tests.test_brsf_overall" name="test_eligibility_gowtham" time="0.000" /><testcase classname="tests.test_brsf_overall" name="test_from_after_to_400" time="0.468" /><testcase classname="tests.test_brsf_overall" name="test_range_over_36_months" time="0.468" /><testcase classname="tests.test_brsf_overall" name="test_employee_filter" time="0.933" /><testcase classname="tests.test_brsf_overall" name="test_team_filter" time="1.166" /><testcase classname="tests.test_brsf_overall" name="test_stars_match_summary" time="2.100" /><testcase classname="tests.test_brsf_overall" name="test_rbac_403_employee" time="1.642" /><testcase classname="tests.test_brsf_overall" name="test_export_xlsx_structure" time="1.206" /><testcase classname="tests.test_brsf_overall" name="test_export_xlsx_preserves_dash_and_nc" time="1.203" /><testcase classname="tests.test_brsf_overall" name="test_export_csv_headers" time="1.178" /><testcase classname="tests.test_brsf_overall" name="test_export_honors_team_filter" time="0.934" /><testcase classname="tests.test_brsf_overall" name="test_no_side_effects_on_star_lines" time="5.885" /></testsuite></testsuites>