<?xml version="1.0" encoding="utf-8"?><testsuites name="pytest tests"><testsuite name="pytest" errors="0" failures="1" skipped="0" tests="13" time="78.106" timestamp="2026-09-03T07:46:13.058767+00:00" hostname="agent-env-d2b154a6-5072-46ae-9b41-0f74a8491535"><testcase classname="tests.test_brsf_excel_import.TestExportStructure" name="test_xlsx_headers_and_formulas" time="2.135" /><testcase classname="tests.test_brsf_excel_import.TestExportStructure" name="test_csv_headers" time="1.158" /><testcase classname="tests.test_brsf_excel_import.TestExportStructure" name="test_wrong_month_scope" time="0.975" /><testcase classname="tests.test_brsf_excel_import.TestRBAC" name="test_employee_cannot_export_xlsx" time="1.394" /><testcase classname="tests.test_brsf_excel_import.TestRBAC" name="test_employee_cannot_export_csv" time="0.234" /><testcase classname="tests.test_brsf_excel_import.TestRBAC" name="test_employee_cannot_preview_import" time="0.234" /><testcase classname="tests.test_brsf_excel_import.TestRBAC" name="test_employee_cannot_confirm_import" time="0.234" /><testcase classname="tests.test_brsf_excel_import.TestWrongMonthGuard" name="test_september_file_previewed_as_august_rejected" time="1.667" /><testcase classname="tests.test_brsf_excel_import.TestConfirmedImport" name="test_confirm_applied_manual_value" time="19.190" /><testcase classname="tests.test_brsf_excel_import.TestConfirmedImport" name="test_audit_entry_created" time="0.693"><failure message="AssertionError: no audit entry for import; sample=[]&#10;assert []">backend/tests/test_brsf_excel_import.py:243: in test_audit_entry_created
    assert matching, f"no audit entry for import; sample={entries[:2]}"
E   AssertionError: no audit entry for import; sample=[]
E   assert []</failure></testcase><testcase classname="tests.test_brsf_excel_import.TestConfirmedImport" name="test_re_export_shows_imported_value" time="1.221" /><testcase classname="tests.test_brsf_excel_import.TestConfirmedImport" name="test_override_survives_auto_calculate" time="18.001" /><testcase classname="tests.test_brsf_excel_import.TestCsvImport" name="test_csv_change_and_confirm" time="30.742" /></testsuite></testsuites>