<?xml version="1.0" encoding="utf-8"?><testsuites name="pytest tests"><testsuite name="pytest" errors="0" failures="1" skipped="1" tests="26" time="203.450" timestamp="2026-09-03T06:32:09.571285+00:00" hostname="agent-env-d2b154a6-5072-46ae-9b41-0f74a8491535"><testcase classname="tests.test_brsf_validation.TestLimitsPayload" name="test_lines_return_limits_and_validation" time="77.251" /><testcase classname="tests.test_brsf_validation.TestLimitsPayload" name="test_static_parent_ranges" time="0.000" /><testcase classname="tests.test_brsf_validation.TestLimitsPayload" name="test_monthly_fixed_ranges_n03_n06" time="0.000" /><testcase classname="tests.test_brsf_validation.TestLimitsPayload" name="test_child_allowed_values" time="0.000" /><testcase classname="tests.test_brsf_validation.TestLimitsPayload" name="test_instance_driven_parent_matches_child_count" time="0.000" /><testcase classname="tests.test_brsf_validation.TestLimitsPayload" name="test_n04_parent_matches_week_count" time="0.000" /><testcase classname="tests.test_brsf_validation.TestOverrideRejections" name="test_p04_over_range" time="2.133" /><testcase classname="tests.test_brsf_validation.TestOverrideRejections" name="test_p06_over_child_count" time="2.109" /><testcase classname="tests.test_brsf_validation.TestOverrideRejections" name="test_n01_beyond_instances" time="2.164" /><testcase classname="tests.test_brsf_validation.TestOverrideRejections" name="test_n02_beyond_2x_instances" time="1.123" /><testcase classname="tests.test_brsf_validation.TestOverrideRejections" name="test_n06_only_0_or_minus_3" time="4.371" /><testcase classname="tests.test_brsf_validation.TestOverrideRejections" name="test_n08_beyond_4x_incidents" time="1.065" /><testcase classname="tests.test_brsf_validation.TestOverrideRejections" name="test_reject_non_whole" time="4.217" /><testcase classname="tests.test_brsf_validation.TestOverrideRejections" name="test_reject_infinity" time="1.041" /><testcase classname="tests.test_brsf_validation.TestValidOverrides" name="test_p01_plus_2_saves_then_reset" time="3.017" /><testcase classname="tests.test_brsf_validation.TestValidOverrides" name="test_n03_minus_3_and_zero_save_then_reset" time="4.589" /><testcase classname="tests.test_brsf_validation.TestManualEntryValidation" name="test_p02_monthly_over_and_negative" time="2.137" /><testcase classname="tests.test_brsf_validation.TestManualEntryValidation" name="test_p03_monthly_range" time="5.233" /><testcase classname="tests.test_brsf_validation.TestManualEntryValidation" name="test_p04_monthly_over" time="1.096" /><testcase classname="tests.test_brsf_validation.TestManualEntryValidation" name="test_p02_weekly_value_2_rejected" time="1.064" /><testcase classname="tests.test_brsf_validation.TestManualEntryValidation" name="test_p02_weekly_total_over_5" time="0.000"><skipped type="pytest.skip" message="need &gt;=6 weekly buckets to exceed 5">/app/backend/tests/test_brsf_validation.py:248: need &gt;=6 weekly buckets to exceed 5</skipped></testcase><testcase classname="tests.test_brsf_validation.TestManualEntryValidation" name="test_p02_weekly_valid_sum" time="5.881" /><testcase classname="tests.test_brsf_validation.TestInstanceValidation" name="test_n07_only_minus_3" time="8.768" /><testcase classname="tests.test_brsf_validation.TestInstanceValidation" name="test_n07_defaults_and_aggregates" time="46.018" /><testcase classname="tests.test_brsf_validation.TestInstanceValidation" name="test_n08_fixed_minus_4" time="15.402" /><testcase classname="tests.test_brsf_validation.TestInvalidDataFlagging" name="test_flag_n03_out_of_range" time="14.647"><failure message="RuntimeError: Task &lt;Task pending name='Task-2' coro=&lt;TestInvalidDataFlagging.test_flag_n03_out_of_range.&lt;locals&gt;.setup() running at /app/backend/tests/test_brsf_validation.py:342&gt; cb=[_run_until_complete_cb() at /usr/local/lib/python3.11/asyncio/base_events.py:181]&gt; got Future &lt;Future pending cb=[_chain_future.&lt;locals&gt;._call_check_cancel() at /usr/local/lib/python3.11/asyncio/futures.py:387]&gt; attached to a different loop">tests/test_brsf_validation.py:354: in test_flag_n03_out_of_range
    loop.run_until_complete(setup())
/usr/local/lib/python3.11/asyncio/base_events.py:654: in run_until_complete
    return future.result()
           ^^^^^^^^^^^^^^^
tests/test_brsf_validation.py:342: in setup
    await db.brsf_star_lines.update_one(
E   RuntimeError: Task &lt;Task pending name='Task-2' coro=&lt;TestInvalidDataFlagging.test_flag_n03_out_of_range.&lt;locals&gt;.setup() running at /app/backend/tests/test_brsf_validation.py:342&gt; cb=[_run_until_complete_cb() at /usr/local/lib/python3.11/asyncio/base_events.py:181]&gt; got Future &lt;Future pending cb=[_chain_future.&lt;locals&gt;._call_check_cancel() at /usr/local/lib/python3.11/asyncio/futures.py:387]&gt; attached to a different loop</failure></testcase></testsuite></testsuites>