<?xml version="1.0" encoding="utf-8"?><testsuites name="pytest tests"><testsuite name="pytest" errors="0" failures="0" skipped="0" tests="14" time="206.814" timestamp="2026-09-03T05:40:21.786044+00:00" hostname="agent-env-d2b154a6-5072-46ae-9b41-0f74a8491535"><testcase classname="tests.test_brsf_cleanup.TestEligibilityByMonth" name="test_march_2026_excludes_apr_confirmations" time="75.126" /><testcase classname="tests.test_brsf_cleanup.TestEligibilityByMonth" name="test_april_2026_includes_apr_confirmations" time="0.828" /><testcase classname="tests.test_brsf_cleanup.TestEligibilityByMonth" name="test_counts_march_vs_april" time="1.666" /><testcase classname="tests.test_brsf_cleanup.TestEligibilityByMonth" name="test_september_2026_has_24" time="0.804" /><testcase classname="tests.test_brsf_cleanup.TestConfirmationWindow" name="test_harshini_april_window_starts_at_confirmation" time="10.191" /><testcase classname="tests.test_brsf_cleanup.TestMutatingValidation" name="test_recalculate_requires_month" time="0.616" /><testcase classname="tests.test_brsf_cleanup.TestMutatingValidation" name="test_recalculate_rejects_ineligible_employee" time="2.394" /><testcase classname="tests.test_brsf_cleanup.TestMutatingValidation" name="test_stars_get_rejects_ineligible" time="0.830" /><testcase classname="tests.test_brsf_cleanup.TestMutatingValidation" name="test_override_bogus_line_404" time="0.819" /><testcase classname="tests.test_brsf_cleanup.TestRBAC" name="test_employee_403_on_eligible" time="37.551" /><testcase classname="tests.test_brsf_cleanup.TestRBAC" name="test_employee_403_on_recalculate" time="0.524" /><testcase classname="tests.test_brsf_cleanup.TestRBAC" name="test_employee_403_on_summary" time="0.348" /><testcase classname="tests.test_brsf_cleanup.TestIdempotentRecalculate" name="test_double_recalculate_no_duplicates" time="40.403" /><testcase classname="tests.test_brsf_cleanup.TestPreserveManualAcrossRecalculate" name="test_override_and_manual_survive" time="34.647" /></testsuite></testsuites>