<?xml version="1.0" encoding="utf-8"?><testsuites name="pytest tests"><testsuite name="pytest" errors="0" failures="0" skipped="0" tests="5" time="11.054" timestamp="2026-04-10T10:08:25.481657+00:00" hostname="agent-env-2a7e5a92-6568-4522-a4c8-7350856e1ec9"><testcase classname="backend.tests.test_ctc_calculation.TestCTCCalculation" name="test_ctc_660000_calculation" time="2.111" /><testcase classname="backend.tests.test_ctc_calculation.TestCTCCalculation" name="test_ctc_7920000_calculation" time="2.034" /><testcase classname="backend.tests.test_ctc_calculation.TestCTCCalculation" name="test_salary_component_percentages" time="2.045" /><testcase classname="backend.tests.test_ctc_calculation.TestCTCCalculation" name="test_special_allowance_is_balancing_figure" time="2.040" /><testcase classname="backend.tests.test_ctc_calculation.TestCTCCalculation" name="test_get_salary_after_update" time="2.777" /></testsuite></testsuites>