<?xml version="1.0" encoding="utf-8"?><testsuites name="pytest tests"><testsuite name="pytest" errors="0" failures="0" skipped="0" tests="8" time="0.944" timestamp="2026-02-05T07:26:17.567104+00:00" hostname="agent-env-0421b637-d104-4de3-b640-b09ebf6a72ce"><testcase classname="backend.tests.test_date_pickers_lop.TestPayrollLOPCalculation" name="test_payroll_endpoint_accessible" time="0.141" /><testcase classname="backend.tests.test_date_pickers_lop.TestPayrollLOPCalculation" name="test_lop_days_is_float" time="0.114" /><testcase classname="backend.tests.test_date_pickers_lop.TestPayrollLOPCalculation" name="test_attendance_details_have_lop_value" time="0.118" /><testcase classname="backend.tests.test_date_pickers_lop.TestPayrollLOPCalculation" name="test_payroll_summary_total_lop_days" time="0.143" /><testcase classname="backend.tests.test_date_pickers_lop.TestStarRewardMonthPicker" name="test_star_rewards_endpoint" time="0.091" /><testcase classname="backend.tests.test_date_pickers_lop.TestAttendanceDatePicker" name="test_attendance_with_date_filter" time="0.082" /><testcase classname="backend.tests.test_date_pickers_lop.TestReportsDatePicker" name="test_leave_report_endpoint" time="0.118" /><testcase classname="backend.tests.test_date_pickers_lop.TestReportsDatePicker" name="test_attendance_report_endpoint" time="0.078" /></testsuite></testsuites>