<?xml version="1.0" encoding="utf-8"?><testsuites name="pytest tests"><testsuite name="pytest" errors="0" failures="0" skipped="0" tests="9" time="25.019" timestamp="2026-04-17T11:19:43.749035+00:00" hostname="agent-env-21426c6e-07fb-4ab4-84db-21efde97f821"><testcase classname="backend.tests.test_employee_autocomplete.TestEmployeeAutocomplete" name="test_autocomplete_by_name" time="15.848" /><testcase classname="backend.tests.test_employee_autocomplete.TestEmployeeAutocomplete" name="test_autocomplete_by_email" time="1.133" /><testcase classname="backend.tests.test_employee_autocomplete.TestEmployeeAutocomplete" name="test_autocomplete_by_emp_id" time="1.117" /><testcase classname="backend.tests.test_employee_autocomplete.TestEmployeeAutocomplete" name="test_autocomplete_no_matches" time="1.158" /><testcase classname="backend.tests.test_employee_autocomplete.TestEmployeeAutocomplete" name="test_autocomplete_empty_query" time="0.891" /><testcase classname="backend.tests.test_employee_autocomplete.TestEmployeeAutocomplete" name="test_autocomplete_no_query_param" time="0.917" /><testcase classname="backend.tests.test_employee_autocomplete.TestEmployeeAutocomplete" name="test_autocomplete_max_results" time="1.130" /><testcase classname="backend.tests.test_employee_autocomplete.TestEmployeeAutocomplete" name="test_autocomplete_case_insensitive" time="1.619" /><testcase classname="backend.tests.test_employee_autocomplete.TestEmployeeAutocomplete" name="test_autocomplete_response_fields" time="1.137" /></testsuite></testsuites>