<?xml version="1.0" encoding="utf-8"?><testsuites name="pytest tests"><testsuite name="pytest" errors="0" failures="0" skipped="0" tests="13" time="4.054" timestamp="2026-03-18T12:45:08.052418+00:00" hostname="agent-env-46645834-ee17-48bc-bc23-6641da1c4ca1"><testcase classname="backend.tests.test_employee_fields.TestEmployeeFieldsAPI" name="test_01_login_success" time="0.162" /><testcase classname="backend.tests.test_employee_fields.TestEmployeeFieldsAPI" name="test_02_get_departments" time="0.252" /><testcase classname="backend.tests.test_employee_fields.TestEmployeeFieldsAPI" name="test_03_get_teams" time="0.115" /><testcase classname="backend.tests.test_employee_fields.TestEmployeeFieldsAPI" name="test_04_create_employee_with_new_fields" time="0.364" /><testcase classname="backend.tests.test_employee_fields.TestEmployeeFieldsAPI" name="test_05_get_employee_verify_fields" time="0.707" /><testcase classname="backend.tests.test_employee_fields.TestEmployeeFieldsAPI" name="test_06_duplicate_employee_id_rejected" time="0.571" /><testcase classname="backend.tests.test_employee_fields.TestEmployeeFieldsAPI" name="test_07_duplicate_biometric_id_rejected" time="0.501" /><testcase classname="backend.tests.test_employee_fields.TestEmployeeFieldsAPI" name="test_08_update_employee_with_new_fields" time="0.721" /><testcase classname="backend.tests.test_employee_fields.TestEmployeeFieldsAPI" name="test_09_employees_list_includes_new_fields" time="0.142" /><testcase classname="backend.tests.test_employee_fields.TestEmployeeFieldsAPI" name="test_10_import_template_download" time="0.118" /><testcase classname="backend.tests.test_employee_fields.TestEmployeeFieldsAPI" name="test_11_bulk_import_endpoint_exists" time="0.106" /><testcase classname="backend.tests.test_employee_fields.TestEmployeeFieldsAPI" name="test_12_bulk_import_validates_required_fields" time="0.116" /><testcase classname="backend.tests.test_employee_fields.TestEmployeeFieldsAPI" name="test_13_bulk_import_rejects_duplicates" time="0.103" /></testsuite></testsuites>