<?xml version="1.0" encoding="utf-8"?><testsuites name="pytest tests"><testsuite name="pytest" errors="0" failures="0" skipped="0" tests="11" time="18.431" timestamp="2026-04-17T14:56:43.008015+00:00" hostname="agent-env-21426c6e-07fb-4ab4-84db-21efde97f821"><testcase classname="tests.test_employee_reactivation.TestEmployeeReactivation" name="test_01_verify_test_employee_exists" time="1.153" /><testcase classname="tests.test_employee_reactivation.TestEmployeeReactivation" name="test_02_reactivate_inactive_employee" time="2.828" /><testcase classname="tests.test_employee_reactivation.TestEmployeeReactivation" name="test_03_reactivation_preserves_inactive_history" time="1.103" /><testcase classname="tests.test_employee_reactivation.TestEmployeeReactivation" name="test_04_reactivate_already_active_returns_400" time="1.648" /><testcase classname="tests.test_employee_reactivation.TestEmployeeReactivation" name="test_05_reactivate_requires_hr_role" time="1.090" /><testcase classname="tests.test_employee_reactivation.TestEmployeeReactivation" name="test_06_reactivate_nonexistent_employee_returns_404" time="1.115" /><testcase classname="tests.test_employee_reactivation.TestEmployeeReactivation" name="test_07_user_login_enabled_after_reactivation" time="1.108" /><testcase classname="tests.test_employee_reactivation.TestEmployeeReactivation" name="test_08_deactivate_employee_for_cleanup" time="2.552" /><testcase classname="tests.test_employee_reactivation.TestInactiveEmployeeLogin" name="test_01_login_blocked_for_inactive_employee" time="1.117" /><testcase classname="tests.test_employee_reactivation.TestPayrollWeekoffCorrection" name="test_01_payroll_weekoff_for_inactive_employee" time="3.305" /><testcase classname="tests.test_employee_reactivation.TestGetInactiveEmployees" name="test_01_filter_inactive_employees" time="1.357" /></testsuite></testsuites>