<?xml version="1.0" encoding="utf-8"?><testsuites name="pytest tests"><testsuite name="pytest" errors="1" failures="0" skipped="0" tests="11" time="90.133" timestamp="2026-04-16T10:52:58.655340+00:00" hostname="agent-env-2a7e5a92-6568-4522-a4c8-7350856e1ec9"><testcase classname="backend.tests.test_employee_deactivation.TestEmployeeDeactivation" name="test_01_login_success" time="10.044"><error message="failed on setup with &quot;AssertionError: Login failed: The preview environment is not responding. It may be starting up.&#10;  &#10;assert 502 == 200&#10; +  where 502 = &lt;Response [502]&gt;.status_code&quot;">backend/tests/test_employee_deactivation.py:31: in setup
    assert login_response.status_code == 200, f"Login failed: {login_response.text}"
E   AssertionError: Login failed: The preview environment is not responding. It may be starting up.
E     
E   assert 502 == 200
E    +  where 502 = &lt;Response [502]&gt;.status_code</error></testcase><testcase classname="backend.tests.test_employee_deactivation.TestEmployeeDeactivation" name="test_02_get_employees_endpoint" time="19.805" /><testcase classname="backend.tests.test_employee_deactivation.TestEmployeeDeactivation" name="test_03_get_employees_with_inactive_type_filter" time="2.876" /><testcase classname="backend.tests.test_employee_deactivation.TestEmployeeDeactivation" name="test_04_create_test_employee_for_deactivation" time="5.849" /><testcase classname="backend.tests.test_employee_deactivation.TestEmployeeDeactivation" name="test_05_deactivate_employee_with_form_data" time="9.113" /><testcase classname="backend.tests.test_employee_deactivation.TestEmployeeDeactivation" name="test_06_deactivate_with_relieved_type" time="9.117" /><testcase classname="backend.tests.test_employee_deactivation.TestEmployeeDeactivation" name="test_07_deactivate_with_completed_internship_type" time="9.064" /><testcase classname="backend.tests.test_employee_deactivation.TestEmployeeDeactivation" name="test_08_user_account_deactivated_on_employee_deactivation" time="10.543" /><testcase classname="backend.tests.test_employee_deactivation.TestEmployeeDeactivation" name="test_09_active_employees_not_affected" time="1.837" /><testcase classname="backend.tests.test_employee_deactivation.TestEmployeeDeactivation" name="test_10_deactivation_without_body_uses_defaults" time="9.992" /><testcase classname="backend.tests.test_employee_deactivation.TestInactiveTypeColumn" name="test_inactive_type_field_in_response" time="1.797" /></testsuite></testsuites>