<?xml version="1.0" encoding="utf-8"?><testsuites name="pytest tests"><testsuite name="pytest" errors="0" failures="1" skipped="0" tests="10" time="4.648" timestamp="2026-02-26T15:02:26.611377+00:00" hostname="agent-env-b281f414-c2b9-4fba-a5a1-24b3b65ddf08"><testcase classname="backend.tests.test_employee_documents.TestEmployeeDocumentsAPI" name="test_1_admin_can_get_employee_documents_empty" time="0.549" /><testcase classname="backend.tests.test_employee_documents.TestEmployeeDocumentsAPI" name="test_2_admin_can_upload_offer_letter" time="0.438" /><testcase classname="backend.tests.test_employee_documents.TestEmployeeDocumentsAPI" name="test_3_admin_can_verify_uploaded_document" time="0.385"><failure message="AssertionError: Should have at least one offer letter after upload&#10;assert 0 &gt;= 1&#10; +  where 0 = len([])">backend/tests/test_employee_documents.py:137: in test_3_admin_can_verify_uploaded_document
    assert len(offer_letters) &gt;= 1, "Should have at least one offer letter after upload"
E   AssertionError: Should have at least one offer letter after upload
E   assert 0 &gt;= 1
E    +  where 0 = len([])</failure></testcase><testcase classname="backend.tests.test_employee_documents.TestEmployeeDocumentsAPI" name="test_4_employee_can_get_own_documents" time="0.362" /><testcase classname="backend.tests.test_employee_documents.TestEmployeeDocumentsAPI" name="test_5_employee_cannot_upload_document" time="0.583" /><testcase classname="backend.tests.test_employee_documents.TestEmployeeDocumentsAPI" name="test_6_employee_cannot_access_other_employee_docs" time="0.497" /><testcase classname="backend.tests.test_employee_documents.TestEmployeeDocumentsAPI" name="test_7_admin_can_replace_offer_letter" time="0.450" /><testcase classname="backend.tests.test_employee_documents.TestEmployeeDocumentsAPI" name="test_8_admin_can_delete_document" time="0.384" /><testcase classname="backend.tests.test_employee_documents.TestEmployeeDocumentsAPI" name="test_9_get_non_existent_employee_docs_returns_404" time="0.539" /><testcase classname="backend.tests.test_employee_documents.TestEmployeeDocumentsAPI" name="test_10_upload_to_non_existent_employee_returns_404" time="0.365" /></testsuite></testsuites>