<?xml version="1.0" encoding="utf-8"?><testsuites name="pytest tests"><testsuite name="pytest" errors="0" failures="0" skipped="0" tests="10" time="4.255" timestamp="2026-02-26T15:05:25.420947+00:00" hostname="agent-env-b281f414-c2b9-4fba-a5a1-24b3b65ddf08"><testcase classname="backend.tests.test_employee_documents.TestEmployeeDocumentsAPI" name="test_1_admin_can_get_employee_documents_empty" time="0.539" /><testcase classname="backend.tests.test_employee_documents.TestEmployeeDocumentsAPI" name="test_2_admin_can_upload_offer_letter" time="0.803" /><testcase classname="backend.tests.test_employee_documents.TestEmployeeDocumentsAPI" name="test_3_admin_can_verify_uploaded_document" time="0.325" /><testcase classname="backend.tests.test_employee_documents.TestEmployeeDocumentsAPI" name="test_4_employee_can_get_own_documents" time="0.339" /><testcase classname="backend.tests.test_employee_documents.TestEmployeeDocumentsAPI" name="test_5_employee_cannot_upload_document" time="0.273" /><testcase classname="backend.tests.test_employee_documents.TestEmployeeDocumentsAPI" name="test_6_employee_cannot_access_other_employee_docs" time="0.268" /><testcase classname="backend.tests.test_employee_documents.TestEmployeeDocumentsAPI" name="test_7_admin_can_replace_offer_letter" time="0.466" /><testcase classname="backend.tests.test_employee_documents.TestEmployeeDocumentsAPI" name="test_8_admin_can_delete_document" time="0.524" /><testcase classname="backend.tests.test_employee_documents.TestEmployeeDocumentsAPI" name="test_9_get_non_existent_employee_docs_returns_404" time="0.372" /><testcase classname="backend.tests.test_employee_documents.TestEmployeeDocumentsAPI" name="test_10_upload_to_non_existent_employee_returns_404" time="0.276" /></testsuite></testsuites>