<?xml version="1.0" encoding="utf-8"?><testsuites name="pytest tests"><testsuite name="pytest" errors="0" failures="0" skipped="0" tests="20" time="1.452" timestamp="2026-02-03T14:14:11.115190+00:00" hostname="agent-env-238fd7ca-bee2-48e6-aee5-57863b530919"><testcase classname="tests.test_employee_portal.TestAuthentication" name="test_employee_login_success" time="0.075" /><testcase classname="tests.test_employee_portal.TestAuthentication" name="test_admin_login_success" time="0.043" /><testcase classname="tests.test_employee_portal.TestAuthentication" name="test_invalid_credentials" time="0.043" /><testcase classname="tests.test_employee_portal.TestEmployeeDashboard" name="test_dashboard_returns_employee_data" time="0.081" /><testcase classname="tests.test_employee_portal.TestEmployeeDashboard" name="test_dashboard_requires_auth" time="0.043" /><testcase classname="tests.test_employee_portal.TestEmployeeProfile" name="test_profile_returns_employee_info" time="0.082" /><testcase classname="tests.test_employee_portal.TestEmployeeProfile" name="test_profile_requires_auth" time="0.038" /><testcase classname="tests.test_employee_portal.TestEmployeeAttendance" name="test_attendance_this_week" time="0.082" /><testcase classname="tests.test_employee_portal.TestEmployeeAttendance" name="test_attendance_this_month" time="0.080" /><testcase classname="tests.test_employee_portal.TestEmployeeAttendance" name="test_attendance_status_filter" time="0.082" /><testcase classname="tests.test_employee_portal.TestEmployeeAttendance" name="test_attendance_requires_auth" time="0.037" /><testcase classname="tests.test_employee_portal.TestEmployeeLeaves" name="test_leaves_returns_requests_and_history" time="0.082" /><testcase classname="tests.test_employee_portal.TestEmployeeLeaves" name="test_apply_leave_success" time="0.082" /><testcase classname="tests.test_employee_portal.TestEmployeeLeaves" name="test_apply_leave_past_date_validation" time="0.079" /><testcase classname="tests.test_employee_portal.TestEmployeeLeaves" name="test_leaves_requires_auth" time="0.036" /><testcase classname="tests.test_employee_portal.TestEmployeeClockInOut" name="test_clock_in_already_clocked" time="0.076" /><testcase classname="tests.test_employee_portal.TestEmployeeClockInOut" name="test_clock_out_already_clocked" time="0.086" /><testcase classname="tests.test_employee_portal.TestEmployeeClockInOut" name="test_clock_requires_auth" time="0.077" /><testcase classname="tests.test_employee_portal.TestAdminCannotAccessEmployeePortal" name="test_admin_cannot_access_employee_dashboard" time="0.083" /><testcase classname="tests.test_employee_portal.TestAdminCannotAccessEmployeePortal" name="test_admin_cannot_access_employee_profile" time="0.077" /></testsuite></testsuites>