<?xml version="1.0" encoding="utf-8"?><testsuites name="pytest tests"><testsuite name="pytest" errors="0" failures="1" skipped="0" tests="45" time="4.313" timestamp="2026-02-04T13:57:57.069467+00:00" hostname="agent-env-238fd7ca-bee2-48e6-aee5-57863b530919"><testcase classname="backend.tests.test_hrms_comprehensive.TestAuthentication" name="test_admin_login_success" time="0.090" /><testcase classname="backend.tests.test_hrms_comprehensive.TestAuthentication" name="test_employee_login_success" time="0.059" /><testcase classname="backend.tests.test_hrms_comprehensive.TestAuthentication" name="test_login_invalid_credentials" time="0.062" /><testcase classname="backend.tests.test_hrms_comprehensive.TestAdminDashboard" name="test_dashboard_stats" time="0.132" /><testcase classname="backend.tests.test_hrms_comprehensive.TestAdminDashboard" name="test_dashboard_leave_list" time="0.091" /><testcase classname="backend.tests.test_hrms_comprehensive.TestAdminDashboard" name="test_attendance_stats" time="0.089" /><testcase classname="backend.tests.test_hrms_comprehensive.TestEmployeeManagement" name="test_get_employees_list" time="0.096" /><testcase classname="backend.tests.test_hrms_comprehensive.TestEmployeeManagement" name="test_get_employees_with_filters" time="0.086" /><testcase classname="backend.tests.test_hrms_comprehensive.TestEmployeeManagement" name="test_get_employees_with_search" time="0.089" /><testcase classname="backend.tests.test_hrms_comprehensive.TestEmployeeManagement" name="test_get_all_employees_dropdown" time="0.116" /><testcase classname="backend.tests.test_hrms_comprehensive.TestEmployeeManagement" name="test_get_employee_stats" time="0.107" /><testcase classname="backend.tests.test_hrms_comprehensive.TestEmployeeManagement" name="test_get_single_employee" time="0.144" /><testcase classname="backend.tests.test_hrms_comprehensive.TestEmployeeManagement" name="test_create_employee" time="0.112" /><testcase classname="backend.tests.test_hrms_comprehensive.TestEmployeeManagement" name="test_update_employee" time="0.151" /><testcase classname="backend.tests.test_hrms_comprehensive.TestAttendanceManagement" name="test_get_attendance_records" time="0.078" /><testcase classname="backend.tests.test_hrms_comprehensive.TestAttendanceManagement" name="test_get_attendance_with_date_filter" time="0.092" /><testcase classname="backend.tests.test_hrms_comprehensive.TestAttendanceManagement" name="test_get_attendance_with_status_filter" time="0.088" /><testcase classname="backend.tests.test_hrms_comprehensive.TestAttendanceManagement" name="test_get_attendance_with_team_filter" time="0.116" /><testcase classname="backend.tests.test_hrms_comprehensive.TestLeaveManagement" name="test_get_leaves" time="0.086" /><testcase classname="backend.tests.test_hrms_comprehensive.TestLeaveManagement" name="test_get_leaves_with_status_filter" time="0.081" /><testcase classname="backend.tests.test_hrms_comprehensive.TestLeaveManagement" name="test_get_leaves_with_type_filter" time="0.090" /><testcase classname="backend.tests.test_hrms_comprehensive.TestLeaveManagement" name="test_create_leave_request" time="0.173" /><testcase classname="backend.tests.test_hrms_comprehensive.TestStarReward" name="test_get_star_rewards" time="0.088" /><testcase classname="backend.tests.test_hrms_comprehensive.TestStarReward" name="test_get_star_rewards_with_team_filter" time="0.087" /><testcase classname="backend.tests.test_hrms_comprehensive.TestStarReward" name="test_get_star_rewards_with_search" time="0.078" /><testcase classname="backend.tests.test_hrms_comprehensive.TestStarReward" name="test_add_star_reward" time="0.142" /><testcase classname="backend.tests.test_hrms_comprehensive.TestStarReward" name="test_get_star_history" time="0.136" /><testcase classname="backend.tests.test_hrms_comprehensive.TestTeamManagement" name="test_get_teams" time="0.093" /><testcase classname="backend.tests.test_hrms_comprehensive.TestTeamManagement" name="test_get_teams_by_department" time="0.088" /><testcase classname="backend.tests.test_hrms_comprehensive.TestTeamManagement" name="test_get_team_details" time="0.126" /><testcase classname="backend.tests.test_hrms_comprehensive.TestTeamManagement" name="test_get_departments" time="0.083" /><testcase classname="backend.tests.test_hrms_comprehensive.TestReports" name="test_attendance_report" time="0.080" /><testcase classname="backend.tests.test_hrms_comprehensive.TestReports" name="test_leave_report" time="0.087" /><testcase classname="backend.tests.test_hrms_comprehensive.TestReports" name="test_employee_report" time="0.087" /><testcase classname="backend.tests.test_hrms_comprehensive.TestEmployeePortal" name="test_employee_dashboard" time="0.080" /><testcase classname="backend.tests.test_hrms_comprehensive.TestEmployeePortal" name="test_employee_profile" time="0.121" /><testcase classname="backend.tests.test_hrms_comprehensive.TestEmployeePortal" name="test_employee_attendance" time="0.088" /><testcase classname="backend.tests.test_hrms_comprehensive.TestEmployeePortal" name="test_employee_attendance_with_duration_filter" time="0.084" /><testcase classname="backend.tests.test_hrms_comprehensive.TestEmployeePortal" name="test_employee_leaves" time="0.084" /><testcase classname="backend.tests.test_hrms_comprehensive.TestEmployeePortal" name="test_employee_apply_leave" time="0.087"><failure message="AssertionError: assert 'id' in {'leave_id': '4ca19cd9-d713-465e-a2c1-1af675330054', 'message': 'Leave request submitted successfully'}">backend/tests/test_hrms_comprehensive.py:516: in test_employee_apply_leave
    assert "id" in data
E   AssertionError: assert 'id' in {'leave_id': '4ca19cd9-d713-465e-a2c1-1af675330054', 'message': 'Leave request submitted successfully'}</failure></testcase><testcase classname="backend.tests.test_hrms_comprehensive.TestConfigEndpoints" name="test_employment_types" time="0.038" /><testcase classname="backend.tests.test_hrms_comprehensive.TestConfigEndpoints" name="test_employee_statuses" time="0.037" /><testcase classname="backend.tests.test_hrms_comprehensive.TestConfigEndpoints" name="test_tier_levels" time="0.039" /><testcase classname="backend.tests.test_hrms_comprehensive.TestConfigEndpoints" name="test_work_locations" time="0.053" /><testcase classname="backend.tests.test_hrms_comprehensive.TestConfigEndpoints" name="test_user_roles" time="0.036" /></testsuite></testsuites>