<?xml version="1.0" encoding="utf-8"?><testsuites name="pytest tests"><testsuite name="pytest" errors="0" failures="0" skipped="0" tests="17" time="40.408" timestamp="2026-04-09T13:19:34.598073+00:00" hostname="agent-env-2a7e5a92-6568-4522-a4c8-7350856e1ec9"><testcase classname="backend.tests.test_hrms_jobs.TestJob2MissedPunchPagination" name="test_missed_punches_returns_paginated_response" time="10.100" /><testcase classname="backend.tests.test_hrms_jobs.TestJob2MissedPunchPagination" name="test_missed_punches_pagination_params" time="0.808" /><testcase classname="backend.tests.test_hrms_jobs.TestJob2MissedPunchPagination" name="test_missed_punches_filter_by_status" time="2.430" /><testcase classname="backend.tests.test_hrms_jobs.TestJob2MissedPunchPagination" name="test_missed_punches_filter_by_date_range" time="0.807" /><testcase classname="backend.tests.test_hrms_jobs.TestJob2MissedPunchPagination" name="test_missed_punches_filter_by_employee_name" time="0.802" /><testcase classname="backend.tests.test_hrms_jobs.TestJob4DuplicatePrevention" name="test_duplicate_missed_punch_returns_400" time="3.038" /><testcase classname="backend.tests.test_hrms_jobs.TestJob4DuplicatePrevention" name="test_duplicate_late_request_returns_400" time="1.853" /><testcase classname="backend.tests.test_hrms_jobs.TestJob4DuplicatePrevention" name="test_duplicate_early_out_request_returns_400" time="1.849" /><testcase classname="backend.tests.test_hrms_jobs.TestJob5LeaveApplyFix" name="test_employee_leave_apply_works" time="2.057" /><testcase classname="backend.tests.test_hrms_jobs.TestJob6LeaveRules" name="test_sick_leave_future_date_returns_400" time="1.342" /><testcase classname="backend.tests.test_hrms_jobs.TestJob6LeaveRules" name="test_casual_leave_less_than_4_days_returns_400" time="0.573" /><testcase classname="backend.tests.test_hrms_jobs.TestJob6LeaveRules" name="test_emergency_leave_any_date_succeeds" time="1.238" /><testcase classname="backend.tests.test_hrms_jobs.TestJob7SingleLeavePerDay" name="test_two_leaves_same_date_returns_400" time="2.904" /><testcase classname="backend.tests.test_hrms_jobs.TestJob3MissedPunchAttendanceUpdate" name="test_approve_missed_punch_updates_attendance" time="3.844" /><testcase classname="backend.tests.test_hrms_jobs.TestJob1DatetimeInputs" name="test_missed_punch_accepts_datetime_format" time="2.156" /><testcase classname="backend.tests.test_hrms_jobs.TestAdminLeaveCreate" name="test_admin_leave_duplicate_per_day_returns_400" time="3.182" /><testcase classname="backend.tests.test_hrms_jobs.TestBackwardCompatibility" name="test_missed_punch_api_handles_both_formats" time="1.335" /></testsuite></testsuites>