<?xml version="1.0" encoding="utf-8"?><testsuites name="pytest tests"><testsuite name="pytest" errors="0" failures="0" skipped="0" tests="18" time="6.150" timestamp="2026-02-26T13:28:43.361472+00:00" hostname="agent-env-b281f414-c2b9-4fba-a5a1-24b3b65ddf08"><testcase classname="backend.tests.test_issue_tickets.TestIssueTicketCategories" name="test_get_categories_returns_six_categories" time="0.440" /><testcase classname="backend.tests.test_issue_tickets.TestIssueTicketCategories" name="test_categories_have_subcategories" time="0.275" /><testcase classname="backend.tests.test_issue_tickets.TestIssueTicketCategories" name="test_categories_have_assigned_role" time="0.240" /><testcase classname="backend.tests.test_issue_tickets.TestIssueTicketCreation" name="test_admin_create_ticket" time="0.221" /><testcase classname="backend.tests.test_issue_tickets.TestIssueTicketCreation" name="test_create_ticket_invalid_category" time="0.215" /><testcase classname="backend.tests.test_issue_tickets.TestIssueTicketCreation" name="test_create_ticket_invalid_subcategory" time="0.239" /><testcase classname="backend.tests.test_issue_tickets.TestIssueTicketCreation" name="test_create_ticket_with_different_priorities" time="0.519" /><testcase classname="backend.tests.test_issue_tickets.TestIssueTicketListing" name="test_list_all_tickets" time="0.277" /><testcase classname="backend.tests.test_issue_tickets.TestIssueTicketListing" name="test_filter_by_status" time="0.326" /><testcase classname="backend.tests.test_issue_tickets.TestIssueTicketListing" name="test_filter_by_priority" time="0.227" /><testcase classname="backend.tests.test_issue_tickets.TestIssueTicketListing" name="test_filter_by_category" time="0.230" /><testcase classname="backend.tests.test_issue_tickets.TestIssueTicketListing" name="test_search_tickets" time="0.326" /><testcase classname="backend.tests.test_issue_tickets.TestIssueTicketStats" name="test_get_stats" time="0.258" /><testcase classname="backend.tests.test_issue_tickets.TestIssueTicketStatusUpdate" name="test_update_status_to_in_progress" time="0.448" /><testcase classname="backend.tests.test_issue_tickets.TestIssueTicketStatusUpdate" name="test_update_status_with_resolution" time="0.561" /><testcase classname="backend.tests.test_issue_tickets.TestIssueTicketStatusUpdate" name="test_all_status_transitions" time="0.694" /><testcase classname="backend.tests.test_issue_tickets.TestIssueTicketFeedback" name="test_feedback_requires_resolved_ticket" time="0.355" /><testcase classname="backend.tests.test_issue_tickets.TestCleanupTestData" name="test_cleanup" time="0.215" /></testsuite></testsuites>