<?xml version="1.0" encoding="utf-8"?><testsuites name="pytest tests"><testsuite name="pytest" errors="0" failures="0" skipped="0" tests="10" time="29.044" timestamp="2026-09-24T05:44:14.671638+00:00" hostname="agent-env-d2b154a6-5072-46ae-9b41-0f74a8491535"><testcase classname="tests.test_it_asset_assign_on_create" name="test_create_asset_with_active_employee" time="8.066" /><testcase classname="tests.test_it_asset_assign_on_create" name="test_create_asset_without_employee" time="2.584" /><testcase classname="tests.test_it_asset_assign_on_create" name="test_create_asset_inactive_employee_rejected" time="3.634" /><testcase classname="tests.test_it_asset_assign_on_create" name="test_create_asset_bogus_employee_rejected" time="2.828" /><testcase classname="tests.test_it_asset_assign_on_create" name="test_post_create_assign_flow" time="7.171" /><testcase classname="tests.test_it_asset_assign_on_create" name="test_employees_active_filter" time="0.841" /><testcase classname="tests.test_it_asset_assign_on_create" name="test_employee_forbidden_on_create" time="1.761" /><testcase classname="tests.test_it_asset_assign_on_create" name="test_employee_forbidden_on_list" time="0.379" /><testcase classname="tests.test_it_asset_assign_on_create" name="test_employee_own_it_assets_ok" time="0.876" /><testcase classname="tests.test_it_asset_assign_on_create" name="test_employee_own_it_components_ok" time="0.846" /></testsuite></testsuites>