<?xml version="1.0" encoding="utf-8"?><testsuites name="pytest tests"><testsuite name="pytest" errors="0" failures="1" skipped="1" tests="37" time="106.835" timestamp="2026-09-23T09:40:50.546805+00:00" hostname="agent-env-d2b154a6-5072-46ae-9b41-0f74a8491535"><testcase classname="tests.test_it_components" name="test_admin_meta_ok" time="2.068" /><testcase classname="tests.test_it_components" name="test_employee_denied_on_admin_endpoints" time="3.648" /><testcase classname="tests.test_it_components" name="test_employee_self_view_ok" time="0.864" /><testcase classname="tests.test_it_components" name="test_create_parent_asset" time="2.599" /><testcase classname="tests.test_it_components" name="test_create_components_legacy_blank_fields[RAM-ram1]" time="2.310" /><testcase classname="tests.test_it_components" name="test_create_components_legacy_blank_fields[RAM-ram2]" time="2.378" /><testcase classname="tests.test_it_components" name="test_create_components_legacy_blank_fields[GPU-gpu_old]" time="2.353" /><testcase classname="tests.test_it_components" name="test_create_components_legacy_blank_fields[GPU-gpu_new]" time="2.300" /><testcase classname="tests.test_it_components" name="test_create_components_legacy_blank_fields[SSD-ssd1]" time="2.327" /><testcase classname="tests.test_it_components" name="test_create_components_legacy_blank_fields[CPU / Processor-cpu1]" time="2.353" /><testcase classname="tests.test_it_components" name="test_component_id_prefix_and_sequence" time="4.688" /><testcase classname="tests.test_it_components" name="test_install_component" time="3.480" /><testcase classname="tests.test_it_components" name="test_duplicate_install_blocked" time="3.414" /><testcase classname="tests.test_it_components" name="test_install_gpu_old" time="1.846" /><testcase classname="tests.test_it_components" name="test_replace_component_preserves_parent" time="6.731" /><testcase classname="tests.test_it_components" name="test_component_movement_history_preserved" time="6.896" /><testcase classname="tests.test_it_components" name="test_employee_inheritance" time="0.890"><skipped type="pytest.skip" message="Could not find 'user' employee for inheritance test">/app/backend/tests/test_it_components.py:233: Could not find 'user' employee for inheritance test</skipped></testcase><testcase classname="tests.test_it_components" name="test_employee_self_view_lists_own_asset" time="0.856"><failure message="AssertionError: expected parent asset DES-0001 in []&#10;assert 'DES-0001' in []">backend/tests/test_it_components.py:256: in test_employee_self_view_lists_own_asset
    assert STATE["asset_id"] in ids, f"expected parent asset {STATE['asset_id']} in {ids}"
E   AssertionError: expected parent asset DES-0001 in []
E   assert 'DES-0001' in []</failure></testcase><testcase classname="tests.test_it_components" name="test_maintenance_record" time="2.967" /><testcase classname="tests.test_it_components" name="test_dispose_installed_blocked" time="0.890" /><testcase classname="tests.test_it_components" name="test_dispose_available_ok_and_install_blocked" time="2.556" /><testcase classname="tests.test_it_components" name="test_import_template_download" time="0.595" /><testcase classname="tests.test_it_components" name="test_import_preview_and_confirm" time="4.618" /><testcase classname="tests.test_it_components" name="test_bulk_assembly" time="6.075" /><testcase classname="tests.test_it_components" name="test_export_reports[inventory]" time="0.865" /><testcase classname="tests.test_it_components" name="test_export_reports[installed]" time="0.931" /><testcase classname="tests.test_it_components" name="test_export_reports[available]" time="1.017" /><testcase classname="tests.test_it_components" name="test_export_reports[removed]" time="0.971" /><testcase classname="tests.test_it_components" name="test_export_reports[replacement]" time="0.868" /><testcase classname="tests.test_it_components" name="test_export_reports[movement]" time="0.913" /><testcase classname="tests.test_it_components" name="test_export_reports[maintenance]" time="0.866" /><testcase classname="tests.test_it_components" name="test_dashboard" time="2.108" /><testcase classname="tests.test_it_components" name="test_asset_components_view" time="1.433" /><testcase classname="tests.test_it_components" name="test_add_new_component_type" time="1.379" /><testcase classname="tests.test_it_components" name="test_regression_it_assets_list" time="1.130" /><testcase classname="tests.test_it_components" name="test_regression_employee_it_assets" time="1.111" /><testcase classname="tests.test_it_components" name="test_zzz_cleanup" time="23.449" /></testsuite></testsuites>