<?xml version="1.0" encoding="utf-8"?><testsuites name="pytest tests"><testsuite name="pytest" errors="0" failures="1" skipped="0" tests="13" time="70.805" timestamp="2026-09-24T06:46:46.642202+00:00" hostname="agent-env-d2b154a6-5072-46ae-9b41-0f74a8491535"><testcase classname="tests.test_it_edit_and_employee_assets" name="test_edit_asset_persists_and_history" time="24.860"><failure message="AssertionError: {&quot;detail&quot;:&quot;Invalid status.&quot;}&#10;assert 400 == 200&#10; +  where 400 = &lt;Response [400]&gt;.status_code">backend/tests/test_it_edit_and_employee_assets.py:76: in test_edit_asset_persists_and_history
    assert r.status_code == 200, r.text
E   AssertionError: {"detail":"Invalid status."}
E   assert 400 == 200
E    +  where 400 = &lt;Response [400]&gt;.status_code</failure></testcase><testcase classname="tests.test_it_edit_and_employee_assets" name="test_edit_asset_invalid_status" time="3.512" /><testcase classname="tests.test_it_edit_and_employee_assets" name="test_edit_asset_duplicate_serial_rejected" time="6.298" /><testcase classname="tests.test_it_edit_and_employee_assets" name="test_edit_asset_id_immutable" time="5.292" /><testcase classname="tests.test_it_edit_and_employee_assets" name="test_edit_asset_404" time="0.845" /><testcase classname="tests.test_it_edit_and_employee_assets" name="test_employee_assets_list_shape" time="1.332" /><testcase classname="tests.test_it_edit_and_employee_assets" name="test_employee_assets_search_filter" time="2.179" /><testcase classname="tests.test_it_edit_and_employee_assets" name="test_employee_assets_has_assets_filter" time="7.534" /><testcase classname="tests.test_it_edit_and_employee_assets" name="test_employee_assets_pagination" time="1.332" /><testcase classname="tests.test_it_edit_and_employee_assets" name="test_employee_assets_count_dynamic" time="15.081" /><testcase classname="tests.test_it_edit_and_employee_assets" name="test_employee_forbidden_employee_assets" time="1.685" /><testcase classname="tests.test_it_edit_and_employee_assets" name="test_employee_forbidden_employee_assets_detail" time="0.363" /><testcase classname="tests.test_it_edit_and_employee_assets" name="test_employee_forbidden_edit_asset" time="0.399" /></testsuite></testsuites>