<?xml version="1.0" encoding="utf-8"?><testsuites name="pytest tests"><testsuite name="pytest" errors="0" failures="0" skipped="0" tests="10" time="100.583" timestamp="2026-09-24T05:44:48.264908+00:00" hostname="agent-env-d2b154a6-5072-46ae-9b41-0f74a8491535"><testcase classname="tests.test_it_components_phase1" name="test_availability_shape_and_counts" time="5.981" /><testcase classname="tests.test_it_components_phase1" name="test_availability_exclude_param" time="2.570" /><testcase classname="tests.test_it_components_phase1" name="test_availability_none_message" time="2.538" /><testcase classname="tests.test_it_components_phase1" name="test_bulk_install_two_components" time="15.204" /><testcase classname="tests.test_it_components_phase1" name="test_bulk_install_rollback_on_failure" time="15.074" /><testcase classname="tests.test_it_components_phase1" name="test_concurrency_guard_single_install" time="19.164" /><testcase classname="tests.test_it_components_phase1" name="test_asset_assign_transfer_return_histories" time="22.720" /><testcase classname="tests.test_it_components_phase1" name="test_physical_move_records_events" time="15.192" /><testcase classname="tests.test_it_components_phase1" name="test_employee_forbidden_on_availability" time="1.725" /><testcase classname="tests.test_it_components_phase1" name="test_employee_forbidden_on_bulk_install" time="0.356" /></testsuite></testsuites>