<?xml version="1.0" encoding="utf-8"?><testsuites name="pytest tests"><testsuite name="pytest" errors="0" failures="1" skipped="0" tests="10" time="68.901" timestamp="2026-09-24T05:01:51.942422+00:00" hostname="agent-env-d2b154a6-5072-46ae-9b41-0f74a8491535"><testcase classname="tests.test_it_components_phase1" name="test_availability_shape_and_counts" time="5.683" /><testcase classname="tests.test_it_components_phase1" name="test_availability_exclude_param" time="2.421" /><testcase classname="tests.test_it_components_phase1" name="test_availability_none_message" time="2.451" /><testcase classname="tests.test_it_components_phase1" name="test_bulk_install_two_components" time="14.292" /><testcase classname="tests.test_it_components_phase1" name="test_bulk_install_rollback_on_failure" time="14.114" /><testcase classname="tests.test_it_components_phase1" name="test_concurrency_guard_single_install" time="11.565" /><testcase classname="tests.test_it_components_phase1" name="test_asset_assign_transfer_return_histories" time="0.809"><failure message="AssertionError: need &gt;=2 employees, got 0&#10;assert 0 &gt;= 2&#10; +  where 0 = len([])">backend/tests/test_it_components_phase1.py:188: in test_asset_assign_transfer_return_histories
    e1, e2 = _get_two_employees(admin_token)
             ^^^^^^^^^^^^^^^^^^^^^^^^^^^^^^^
backend/tests/test_it_components_phase1.py:80: in _get_two_employees
    assert len(emps) &gt;= 2, f"need &gt;=2 employees, got {len(emps)}"
E   AssertionError: need &gt;=2 employees, got 0
E   assert 0 &gt;= 2
E    +  where 0 = len([])</failure></testcase><testcase classname="tests.test_it_components_phase1" name="test_physical_move_records_events" time="15.421" /><testcase classname="tests.test_it_components_phase1" name="test_employee_forbidden_on_availability" time="1.713" /><testcase classname="tests.test_it_components_phase1" name="test_employee_forbidden_on_bulk_install" time="0.358" /></testsuite></testsuites>