<?xml version="1.0" encoding="utf-8"?><testsuites name="pytest tests"><testsuite name="pytest" errors="0" failures="0" skipped="0" tests="22" time="10.384" timestamp="2026-07-23T10:37:48.603063+00:00" hostname="agent-env-d2b154a6-5072-46ae-9b41-0f74a8491535"><testcase classname="tests.test_unified_attendance_service.TestEmploymentWindow" name="test_joining_on_june_28_active" time="0.000" /><testcase classname="tests.test_unified_attendance_service.TestEmploymentWindow" name="test_relieving_on_june_28" time="0.000" /><testcase classname="tests.test_unified_attendance_service.TestEmploymentWindow" name="test_join_june_27_relieve_june_29" time="0.000" /><testcase classname="tests.test_unified_attendance_service.TestEmploymentWindow" name="test_joining_on_june_29" time="0.000" /><testcase classname="tests.test_unified_attendance_service.TestEmploymentWindow" name="test_relieving_on_june_27" time="0.000" /><testcase classname="tests.test_unified_attendance_service.TestEmploymentWindow" name="test_active_no_last_day_treated_as_still_employed" time="0.000" /><testcase classname="tests.test_unified_attendance_service.TestApplyEligibilityFilter" name="test_filter_out_before_doj" time="0.000" /><testcase classname="tests.test_unified_attendance_service.TestApplyEligibilityFilter" name="test_filter_out_after_relieving" time="0.000" /><testcase classname="tests.test_unified_attendance_service.TestApplyEligibilityFilter" name="test_deleted_employee_row_dropped" time="0.000" /><testcase classname="tests.test_unified_attendance_service.TestDeptFullHoursThreshold" name="test_research_unit_11h" time="0.000" /><testcase classname="tests.test_unified_attendance_service.TestDeptFullHoursThreshold" name="test_business_and_product_10h" time="0.000" /><testcase classname="tests.test_unified_attendance_service.TestDeptFullHoursThreshold" name="test_support_9h" time="0.000" /><testcase classname="tests.test_unified_attendance_service.TestDeptFullHoursThreshold" name="test_unknown_returns_none" time="0.000" /><testcase classname="tests.test_unified_attendance_service.TestEnforceCompletedHours" name="test_research_short_hours_downgraded" time="0.000" /><testcase classname="tests.test_unified_attendance_service.TestEnforceCompletedHours" name="test_research_full_hours_kept" time="0.000" /><testcase classname="tests.test_unified_attendance_service.TestEnforceCompletedHours" name="test_support_9h_boundary" time="0.000" /><testcase classname="tests.test_unified_attendance_service.TestEnforceCompletedHours" name="test_row_without_out_not_touched" time="0.000" /><testcase classname="tests.test_unified_attendance_service.TestEnforceCompletedHours" name="test_late_login_status_not_downgraded" time="0.000" /><testcase classname="tests.test_unified_attendance_service.TestOverlayMissedPunch" name="test_check_in_overlay" time="0.001" /><testcase classname="tests.test_unified_attendance_service.TestOverlayMissedPunch" name="test_check_out_overlay" time="0.000" /><testcase classname="tests.test_unified_attendance_service.TestOverlayMissedPunch" name="test_both_overlay_from_scratch" time="0.000" /><testcase classname="tests.test_unified_attendance_service" name="test_live_counts_align_dashboard_attendance_reports" time="5.020" /></testsuite></testsuites>