<?xml version="1.0" encoding="utf-8"?><testsuites name="pytest tests"><testsuite name="pytest" errors="0" failures="1" skipped="0" tests="8" time="30.242" timestamp="2026-07-23T10:38:05.755728+00:00" hostname="agent-env-d2b154a6-5072-46ae-9b41-0f74a8491535"><testcase classname="tests.test_historical_employee_counts" name="test_office_report_inactive_without_exit_date_still_counted" time="4.405"><failure message="AssertionError: {&quot;detail&quot;:&quot;Office Location 'HistCount-Test-Office' already exists&quot;}&#10;assert 409 == 200&#10; +  where 409 = &lt;Response [409 Conflict]&gt;.status_code">backend/tests/test_historical_employee_counts.py:92: in test_office_report_inactive_without_exit_date_still_counted
    assert r.status_code == 200, r.text
E   AssertionError: {"detail":"Office Location 'HistCount-Test-Office' already exists"}
E   assert 409 == 200
E    +  where 409 = &lt;Response [409 Conflict]&gt;.status_code</failure></testcase><testcase classname="tests.test_historical_employee_counts" name="test_export_blanks_outside_employment_window" time="2.009" /><testcase classname="tests.test_historical_employee_counts" name="test_export_excludes_employee_with_no_window_overlap" time="2.879" /><testcase classname="tests.test_historical_employee_counts" name="test_attendance_gapfill_resigned_stops_at_last_day" time="3.048" /><testcase classname="tests.test_historical_employee_counts" name="test_stats_totals_include_ex_employee_for_historical_window" time="9.667" /><testcase classname="tests.test_emp0125_verification_lock" name="test_emp0125_db_flags_permanently_verified" time="0.484" /><testcase classname="tests.test_emp0125_verification_lock" name="test_emp0125_recompute_cannot_demote" time="1.463" /><testcase classname="tests.test_emp0125_verification_lock" name="test_emp0125_not_in_pending_views" time="6.162" /></testsuite></testsuites>