<?xml version="1.0" encoding="utf-8"?><testsuites name="pytest tests"><testsuite name="pytest" errors="0" failures="0" skipped="3" tests="19" time="216.785" timestamp="2026-07-23T10:50:41.781615+00:00" hostname="agent-env-d2b154a6-5072-46ae-9b41-0f74a8491535"><testcase classname="tests.test_unified_dashboard_attendance_reports_alignment.TestThreeEndpointAlignment" name="test_row_counts_align[27-06-2026]" time="137.432" /><testcase classname="tests.test_unified_dashboard_attendance_reports_alignment.TestThreeEndpointAlignment" name="test_row_counts_align[28-06-2026]" time="7.585" /><testcase classname="tests.test_unified_dashboard_attendance_reports_alignment.TestThreeEndpointAlignment" name="test_row_counts_align[29-06-2026]" time="7.642" /><testcase classname="tests.test_unified_dashboard_attendance_reports_alignment.TestThreeEndpointAlignment" name="test_row_counts_align[20-07-2026]" time="7.868" /><testcase classname="tests.test_unified_dashboard_attendance_reports_alignment.TestThreeEndpointAlignment" name="test_employee_set_matches_between_attendance_and_reports[27-06-2026]" time="5.192" /><testcase classname="tests.test_unified_dashboard_attendance_reports_alignment.TestThreeEndpointAlignment" name="test_employee_set_matches_between_attendance_and_reports[28-06-2026]" time="5.178" /><testcase classname="tests.test_unified_dashboard_attendance_reports_alignment.TestThreeEndpointAlignment" name="test_employee_set_matches_between_attendance_and_reports[29-06-2026]" time="5.186" /><testcase classname="tests.test_unified_dashboard_attendance_reports_alignment.TestThreeEndpointAlignment" name="test_employee_set_matches_between_attendance_and_reports[20-07-2026]" time="5.169" /><testcase classname="tests.test_unified_dashboard_attendance_reports_alignment.TestThreeEndpointAlignment" name="test_dashboard_arithmetic_consistency[27-06-2026]" time="1.423" /><testcase classname="tests.test_unified_dashboard_attendance_reports_alignment.TestThreeEndpointAlignment" name="test_dashboard_arithmetic_consistency[28-06-2026]" time="1.193" /><testcase classname="tests.test_unified_dashboard_attendance_reports_alignment.TestThreeEndpointAlignment" name="test_dashboard_arithmetic_consistency[29-06-2026]" time="1.411" /><testcase classname="tests.test_unified_dashboard_attendance_reports_alignment.TestThreeEndpointAlignment" name="test_dashboard_arithmetic_consistency[20-07-2026]" time="1.191" /><testcase classname="tests.test_unified_dashboard_attendance_reports_alignment.TestJoiningDateEligibility" name="test_before_doj_excluded_from_all_three" time="11.748" /><testcase classname="tests.test_unified_dashboard_attendance_reports_alignment.TestJoiningDateEligibility" name="test_on_doj_included_in_attendance_and_reports" time="5.678" /><testcase classname="tests.test_unified_dashboard_attendance_reports_alignment.TestJoiningDateEligibility" name="test_after_doj_included_in_attendance_and_reports" time="5.223" /><testcase classname="tests.test_unified_dashboard_attendance_reports_alignment.TestRelievingDateEligibility" name="test_before_last_day_included" time="5.181"><skipped type="pytest.skip" message="could not flip employee to relieved: 'MONGO_URL'">/app/backend/tests/test_unified_dashboard_attendance_reports_alignment.py:229: could not flip employee to relieved: 'MONGO_URL'</skipped></testcase><testcase classname="tests.test_unified_dashboard_attendance_reports_alignment.TestRelievingDateEligibility" name="test_on_last_day_included" time="0.000"><skipped type="pytest.skip" message="could not flip employee to relieved: 'MONGO_URL'">/app/backend/tests/test_unified_dashboard_attendance_reports_alignment.py:236: could not flip employee to relieved: 'MONGO_URL'</skipped></testcase><testcase classname="tests.test_unified_dashboard_attendance_reports_alignment.TestRelievingDateEligibility" name="test_after_last_day_excluded" time="0.000"><skipped type="pytest.skip" message="could not flip employee to relieved: 'MONGO_URL'">/app/backend/tests/test_unified_dashboard_attendance_reports_alignment.py:243: could not flip employee to relieved: 'MONGO_URL'</skipped></testcase><testcase classname="tests.test_unified_dashboard_attendance_reports_alignment.TestMissedPunchEndpoint" name="test_endpoint_reachable" time="2.416" /></testsuite></testsuites>