<?xml version="1.0" encoding="utf-8"?><testsuites name="pytest tests"><testsuite name="pytest" errors="0" failures="1" skipped="0" tests="12" time="66.744" timestamp="2026-07-22T14:07:51.333150+00:00" hostname="agent-env-d2b154a6-5072-46ae-9b41-0f74a8491535"><testcase classname="tests.test_office_location_required.TestCreateEmployeeOfficeLocationRequired" name="test_create_missing_office_location_returns_400" time="47.298" /><testcase classname="tests.test_office_location_required.TestCreateEmployeeOfficeLocationRequired" name="test_create_blank_office_location_returns_400" time="0.467" /><testcase classname="tests.test_office_location_required.TestCreateEmployeeOfficeLocationRequired" name="test_create_whitespace_office_location_returns_400" time="0.477" /><testcase classname="tests.test_office_location_required.TestCreateUpdateHappyPath" name="test_create_with_valid_office_location_succeeds" time="6.350"><failure message="AssertionError: assert '' == 'Besant Nagar - Chennai'&#10;  &#10;  - Besant Nagar - Chennai">backend/tests/test_office_location_required.py:129: in test_create_with_valid_office_location_succeeds
    assert fetched.get("office_location") == "Besant Nagar - Chennai"
E   AssertionError: assert '' == 'Besant Nagar - Chennai'
E     
E     - Besant Nagar - Chennai</failure></testcase><testcase classname="tests.test_office_location_required.TestCreateUpdateHappyPath" name="test_update_blank_office_location_returns_400" time="0.728" /><testcase classname="tests.test_office_location_required.TestCreateUpdateHappyPath" name="test_update_whitespace_office_location_returns_400" time="0.727" /><testcase classname="tests.test_office_location_required.TestCreateUpdateHappyPath" name="test_update_to_mandaveli_succeeds" time="2.429" /><testcase classname="tests.test_office_location_required.TestCreateUpdateHappyPath" name="test_restore_original_office_location" time="1.466" /><testcase classname="tests.test_office_location_required.TestCreateUpdateHappyPath" name="test_cleanup_soft_delete" time="1.714" /><testcase classname="tests.test_office_location_required.TestMigrationInvariants" name="test_no_active_employee_has_empty_office_location" time="1.657" /><testcase classname="tests.test_office_location_required.TestMigrationInvariants" name="test_exactly_one_inactive_has_empty_office_location_and_is_sathish" time="1.685" /><testcase classname="tests.test_office_location_required.TestMigrationInvariants" name="test_besant_nagar_active_count_is_53" time="1.656" /></testsuite></testsuites>