<?xml version="1.0" encoding="utf-8"?><testsuites name="pytest tests"><testsuite name="pytest" errors="0" failures="0" skipped="0" tests="14" time="142.485" timestamp="2026-09-04T07:11:06.303703+00:00" hostname="agent-env-d2b154a6-5072-46ae-9b41-0f74a8491535"><testcase classname="tests.test_leave_validity" name="test_approve_rejects_bad_validity[payload0-required]" time="70.624" /><testcase classname="tests.test_leave_validity" name="test_approve_rejects_bad_validity[payload1-required]" time="5.427" /><testcase classname="tests.test_leave_validity" name="test_approve_rejects_bad_validity[payload2-required]" time="4.662" /><testcase classname="tests.test_leave_validity" name="test_approve_rejects_bad_validity[payload3-required]" time="4.451" /><testcase classname="tests.test_leave_validity" name="test_approve_rejects_bad_validity[payload4-must be either]" time="4.426" /><testcase classname="tests.test_leave_validity" name="test_approve_valid_no_lop" time="6.909" /><testcase classname="tests.test_leave_validity" name="test_approve_lop_invalid" time="7.141" /><testcase classname="tests.test_leave_validity" name="test_approve_no_lop_plus_invalid_allowed" time="10.276" /><testcase classname="tests.test_leave_validity" name="test_admin_edit_persists_lop_and_validity_and_audit" time="6.437" /><testcase classname="tests.test_leave_validity" name="test_admin_edit_bad_validity_returns_400" time="6.425" /><testcase classname="tests.test_leave_validity" name="test_admin_edit_does_not_change_status" time="6.192" /><testcase classname="tests.test_leave_validity" name="test_employee_cannot_approve" time="2.315" /><testcase classname="tests.test_leave_validity" name="test_employee_cannot_admin_edit" time="2.310" /><testcase classname="tests.test_leave_validity" name="test_reset_clears_validity" time="4.822" /></testsuite></testsuites>