<?xml version="1.0" encoding="utf-8"?><testsuites name="pytest tests"><testsuite name="pytest" errors="0" failures="0" skipped="0" tests="11" time="84.234" timestamp="2026-04-30T09:53:01.263594+00:00" hostname="agent-env-4208ec39-1b8a-46a6-968a-3bf1b2fbc1b7"><testcase classname="backend.tests.test_iter42_dashboard_dup_admin_edits.TestDashboardStats" name="test_dashboard_stats_buckets_sum_total" time="46.989" /><testcase classname="backend.tests.test_iter42_dashboard_dup_admin_edits.TestDashboardStats" name="test_dashboard_stats_with_date_range" time="5.986" /><testcase classname="backend.tests.test_iter42_dashboard_dup_admin_edits.TestEmployeeDuplicateGuards" name="test_duplicate_email_same_case_rejected" time="6.325" /><testcase classname="backend.tests.test_iter42_dashboard_dup_admin_edits.TestEmployeeDuplicateGuards" name="test_duplicate_email_different_case_rejected" time="0.562" /><testcase classname="backend.tests.test_iter42_dashboard_dup_admin_edits.TestEmployeeDuplicateGuards" name="test_duplicate_biometric_different_case_rejected" time="2.305" /><testcase classname="backend.tests.test_iter42_dashboard_dup_admin_edits.TestAdminEditLeave" name="test_hr_can_edit_approved_leave_status_preserved" time="8.069" /><testcase classname="backend.tests.test_iter42_dashboard_dup_admin_edits.TestAdminEditLeave" name="test_employee_cannot_edit_leave_via_admin_endpoint" time="0.482" /><testcase classname="backend.tests.test_iter42_dashboard_dup_admin_edits.TestAdminEditApprovedRequests" name="test_late_request_hr_edit_approved_preserves_status" time="3.287" /><testcase classname="backend.tests.test_iter42_dashboard_dup_admin_edits.TestAdminEditApprovedRequests" name="test_late_request_employee_cannot_edit_non_pending" time="2.578" /><testcase classname="backend.tests.test_iter42_dashboard_dup_admin_edits.TestAdminEditApprovedRequests" name="test_early_out_hr_edit_approved_preserves_status" time="3.299" /><testcase classname="backend.tests.test_iter42_dashboard_dup_admin_edits.TestAdminEditApprovedRequests" name="test_missed_punch_hr_edit_approved_preserves_status" time="4.270" /></testsuite></testsuites>