<?xml version="1.0" encoding="utf-8"?><testsuites name="pytest tests"><testsuite name="pytest" errors="0" failures="0" skipped="0" tests="8" time="396.577" timestamp="2026-09-04T08:19:44.848853+00:00" hostname="agent-env-d2b154a6-5072-46ae-9b41-0f74a8491535"><testcase classname="tests.test_brsf_iter76" name="test_n03_system_note_mentions_equivalent" time="184.238" /><testcase classname="tests.test_brsf_iter76" name="test_n03_children_have_equivalent" time="0.000" /><testcase classname="tests.test_brsf_iter76" name="test_n01_lists_all_leave_types" time="9.568" /><testcase classname="tests.test_brsf_iter76" name="test_n01_children_carry_validity_and_reason" time="0.000" /><testcase classname="tests.test_brsf_iter76" name="test_n01_child_override_rejects_bad_values" time="24.270" /><testcase classname="tests.test_brsf_iter76" name="test_overall_active_first" time="1.888" /><testcase classname="tests.test_brsf_iter76" name="test_future_month_recalculate_blocked" time="0.500" /><testcase classname="tests.test_brsf_iter76" name="test_recalculate_idempotent_aug" time="176.052" /></testsuite></testsuites>