<?xml version="1.0" encoding="utf-8"?><testsuites name="pytest tests"><testsuite name="pytest" errors="0" failures="0" skipped="0" tests="13" time="33.544" timestamp="2026-07-22T14:23:23.986202+00:00" hostname="agent-env-d2b154a6-5072-46ae-9b41-0f74a8491535"><testcase classname="tests.test_office_location_required.TestCreateEmployeeOfficeLocationRequired" name="test_create_missing_office_location_returns_400" time="1.211" /><testcase classname="tests.test_office_location_required.TestCreateEmployeeOfficeLocationRequired" name="test_create_blank_office_location_returns_400" time="0.482" /><testcase classname="tests.test_office_location_required.TestCreateEmployeeOfficeLocationRequired" name="test_create_whitespace_office_location_returns_400" time="0.482" /><testcase classname="tests.test_office_location_required.TestCreateUpdateHappyPath" name="test_create_with_valid_office_location_succeeds" time="6.478" /><testcase classname="tests.test_office_location_required.TestCreateUpdateHappyPath" name="test_update_blank_office_location_returns_400" time="0.699" /><testcase classname="tests.test_office_location_required.TestCreateUpdateHappyPath" name="test_update_whitespace_office_location_returns_400" time="0.699" /><testcase classname="tests.test_office_location_required.TestCreateUpdateHappyPath" name="test_update_to_mandaveli_succeeds" time="2.330" /><testcase classname="tests.test_office_location_required.TestCreateUpdateHappyPath" name="test_restore_original_office_location" time="1.400" /><testcase classname="tests.test_office_location_required.TestCreateUpdateHappyPath" name="test_cleanup_soft_delete" time="1.654" /><testcase classname="tests.test_office_location_required.TestReactivateBranchOfficeLocation" name="test_reactivate_persists_new_office_location" time="13.070" /><testcase classname="tests.test_office_location_required.TestMigrationInvariants" name="test_no_active_employee_has_empty_office_location" time="1.654" /><testcase classname="tests.test_office_location_required.TestMigrationInvariants" name="test_exactly_one_inactive_has_empty_office_location_and_is_sathish" time="1.676" /><testcase classname="tests.test_office_location_required.TestMigrationInvariants" name="test_besant_nagar_active_count_is_53" time="1.653" /></testsuite></testsuites>