<?xml version="1.0" encoding="utf-8"?><testsuites name="pytest tests"><testsuite name="pytest" errors="0" failures="0" skipped="0" tests="14" time="35.888" timestamp="2026-04-17T14:01:04.297792+00:00" hostname="agent-env-21426c6e-07fb-4ab4-84db-21efde97f821"><testcase classname="backend.tests.test_iteration_37.TestAutocompleteAPI" name="test_autocomplete_by_name" time="15.639" /><testcase classname="backend.tests.test_iteration_37.TestAutocompleteAPI" name="test_autocomplete_by_email" time="0.583" /><testcase classname="backend.tests.test_iteration_37.TestAutocompleteAPI" name="test_autocomplete_by_emp_id" time="0.590" /><testcase classname="backend.tests.test_iteration_37.TestAutocompleteAPI" name="test_autocomplete_no_matches" time="0.583" /><testcase classname="backend.tests.test_iteration_37.TestAutocompleteAPI" name="test_autocomplete_empty_query" time="0.348" /><testcase classname="backend.tests.test_iteration_37.TestAutocompleteAPI" name="test_autocomplete_max_results" time="0.596" /><testcase classname="backend.tests.test_iteration_37.TestInactiveEmployeePayroll" name="test_inactive_without_date_excluded" time="2.749" /><testcase classname="backend.tests.test_iteration_37.TestInactiveEmployeePayroll" name="test_inactive_with_date_included" time="2.307" /><testcase classname="backend.tests.test_iteration_37.TestInactiveEmployeePayroll" name="test_relieved_status_after_inactive_date" time="2.024" /><testcase classname="backend.tests.test_iteration_37.TestInactiveEmployeePayroll" name="test_working_days_count_up_to_inactive_date" time="2.043" /><testcase classname="backend.tests.test_iteration_37.TestInactiveEmployeePayroll" name="test_weekoff_pay_up_to_inactive_date" time="2.108" /><testcase classname="backend.tests.test_iteration_37.TestActiveEmployeePayroll" name="test_active_employee_in_payroll" time="2.104" /><testcase classname="backend.tests.test_iteration_37.TestActiveEmployeePayroll" name="test_active_employee_full_month" time="2.095" /><testcase classname="backend.tests.test_iteration_37.TestPayrollSummary" name="test_payroll_summary" time="2.046" /></testsuite></testsuites>