<?xml version="1.0" encoding="utf-8"?><testsuites name="pytest tests"><testsuite name="pytest" errors="0" failures="0" skipped="0" tests="41" time="138.800" timestamp="2026-07-23T10:56:56.726543+00:00" hostname="agent-env-d2b154a6-5072-46ae-9b41-0f74a8491535"><testcase classname="tests.test_unified_attendance_service.TestEmploymentWindow" name="test_joining_on_june_28_active" time="0.000" /><testcase classname="tests.test_unified_attendance_service.TestEmploymentWindow" name="test_relieving_on_june_28" time="0.000" /><testcase classname="tests.test_unified_attendance_service.TestEmploymentWindow" name="test_join_june_27_relieve_june_29" time="0.000" /><testcase classname="tests.test_unified_attendance_service.TestEmploymentWindow" name="test_joining_on_june_29" time="0.000" /><testcase classname="tests.test_unified_attendance_service.TestEmploymentWindow" name="test_relieving_on_june_27" time="0.000" /><testcase classname="tests.test_unified_attendance_service.TestEmploymentWindow" name="test_active_no_last_day_treated_as_still_employed" time="0.000" /><testcase classname="tests.test_unified_attendance_service.TestApplyEligibilityFilter" name="test_filter_out_before_doj" time="0.000" /><testcase classname="tests.test_unified_attendance_service.TestApplyEligibilityFilter" name="test_filter_out_after_relieving" time="0.000" /><testcase classname="tests.test_unified_attendance_service.TestApplyEligibilityFilter" name="test_deleted_employee_row_dropped" time="0.000" /><testcase classname="tests.test_unified_attendance_service.TestDeptFullHoursThreshold" name="test_research_unit_11h" time="0.000" /><testcase classname="tests.test_unified_attendance_service.TestDeptFullHoursThreshold" name="test_business_and_product_10h" time="0.000" /><testcase classname="tests.test_unified_attendance_service.TestDeptFullHoursThreshold" name="test_support_9h" time="0.000" /><testcase classname="tests.test_unified_attendance_service.TestDeptFullHoursThreshold" name="test_unknown_returns_none" time="0.000" /><testcase classname="tests.test_unified_attendance_service.TestEnforceCompletedHours" name="test_research_short_hours_downgraded" time="0.000" /><testcase classname="tests.test_unified_attendance_service.TestEnforceCompletedHours" name="test_research_full_hours_kept" time="0.000" /><testcase classname="tests.test_unified_attendance_service.TestEnforceCompletedHours" name="test_support_9h_boundary" time="0.000" /><testcase classname="tests.test_unified_attendance_service.TestEnforceCompletedHours" name="test_row_without_out_not_touched" time="0.000" /><testcase classname="tests.test_unified_attendance_service.TestEnforceCompletedHours" name="test_late_login_status_not_downgraded" time="0.000" /><testcase classname="tests.test_unified_attendance_service.TestOverlayMissedPunch" name="test_check_in_overlay" time="0.002" /><testcase classname="tests.test_unified_attendance_service.TestOverlayMissedPunch" name="test_check_out_overlay" time="0.000" /><testcase classname="tests.test_unified_attendance_service.TestOverlayMissedPunch" name="test_both_overlay_from_scratch" time="0.000" /><testcase classname="tests.test_unified_attendance_service" name="test_live_counts_align_dashboard_attendance_reports" time="5.265" /><testcase classname="tests.test_unified_dashboard_attendance_reports_alignment.TestThreeEndpointAlignment" name="test_row_counts_align[27-06-2026]" time="8.347" /><testcase classname="tests.test_unified_dashboard_attendance_reports_alignment.TestThreeEndpointAlignment" name="test_row_counts_align[28-06-2026]" time="7.581" /><testcase classname="tests.test_unified_dashboard_attendance_reports_alignment.TestThreeEndpointAlignment" name="test_row_counts_align[29-06-2026]" time="7.604" /><testcase classname="tests.test_unified_dashboard_attendance_reports_alignment.TestThreeEndpointAlignment" name="test_row_counts_align[20-07-2026]" time="7.837" /><testcase classname="tests.test_unified_dashboard_attendance_reports_alignment.TestThreeEndpointAlignment" name="test_employee_set_matches_between_attendance_and_reports[27-06-2026]" time="5.215" /><testcase classname="tests.test_unified_dashboard_attendance_reports_alignment.TestThreeEndpointAlignment" name="test_employee_set_matches_between_attendance_and_reports[28-06-2026]" time="5.209" /><testcase classname="tests.test_unified_dashboard_attendance_reports_alignment.TestThreeEndpointAlignment" name="test_employee_set_matches_between_attendance_and_reports[29-06-2026]" time="5.203" /><testcase classname="tests.test_unified_dashboard_attendance_reports_alignment.TestThreeEndpointAlignment" name="test_employee_set_matches_between_attendance_and_reports[20-07-2026]" time="5.654" /><testcase classname="tests.test_unified_dashboard_attendance_reports_alignment.TestThreeEndpointAlignment" name="test_dashboard_arithmetic_consistency[27-06-2026]" time="1.423" /><testcase classname="tests.test_unified_dashboard_attendance_reports_alignment.TestThreeEndpointAlignment" name="test_dashboard_arithmetic_consistency[28-06-2026]" time="1.421" /><testcase classname="tests.test_unified_dashboard_attendance_reports_alignment.TestThreeEndpointAlignment" name="test_dashboard_arithmetic_consistency[29-06-2026]" time="1.410" /><testcase classname="tests.test_unified_dashboard_attendance_reports_alignment.TestThreeEndpointAlignment" name="test_dashboard_arithmetic_consistency[20-07-2026]" time="1.421" /><testcase classname="tests.test_unified_dashboard_attendance_reports_alignment.TestJoiningDateEligibility" name="test_before_doj_excluded_from_all_three" time="11.944" /><testcase classname="tests.test_unified_dashboard_attendance_reports_alignment.TestJoiningDateEligibility" name="test_on_doj_included_in_attendance_and_reports" time="5.164" /><testcase classname="tests.test_unified_dashboard_attendance_reports_alignment.TestJoiningDateEligibility" name="test_after_doj_included_in_attendance_and_reports" time="24.257" /><testcase classname="tests.test_unified_dashboard_attendance_reports_alignment.TestRelievingDateEligibility" name="test_before_last_day_included" time="14.474" /><testcase classname="tests.test_unified_dashboard_attendance_reports_alignment.TestRelievingDateEligibility" name="test_on_last_day_included" time="5.444" /><testcase classname="tests.test_unified_dashboard_attendance_reports_alignment.TestRelievingDateEligibility" name="test_after_last_day_excluded" time="5.482" /><testcase classname="tests.test_unified_dashboard_attendance_reports_alignment.TestMissedPunchEndpoint" name="test_endpoint_reachable" time="3.165" /></testsuite></testsuites>