<?xml version="1.0" encoding="utf-8"?><testsuites name="pytest tests"><testsuite name="pytest" errors="0" failures="0" skipped="0" tests="7" time="19.566" timestamp="2026-05-12T10:36:15.650401+00:00" hostname="agent-env-692da67c-08f0-46b2-adb6-6145443e040b"><testcase classname="tests.test_employee_my_documents.TestMyStatus" name="test_my_status_returns_nine_docs" time="1.981" /><testcase classname="tests.test_employee_my_documents.TestMyStatus" name="test_my_status_reflects_current_state" time="1.081" /><testcase classname="tests.test_employee_my_documents.TestUploadDocument" name="test_verified_doc_cannot_be_reuploaded" time="0.534" /><testcase classname="tests.test_employee_my_documents.TestUploadDocument" name="test_rejected_doc_can_be_reuploaded" time="5.023" /><testcase classname="tests.test_employee_my_documents.TestUploadDocument" name="test_not_uploaded_doc_can_be_uploaded" time="3.931" /><testcase classname="tests.test_employee_my_documents.TestHRNotifications" name="test_admin_received_notification_after_kasper_upload" time="5.476" /><testcase classname="tests.test_employee_my_documents.TestDashboardPerf" name="test_dashboard_stats_warm_under_2s" time="1.476" /></testsuite></testsuites>