<?xml version="1.0" encoding="utf-8"?><testsuites name="pytest tests"><testsuite name="pytest" errors="0" failures="1" skipped="0" tests="13" time="23.992" timestamp="2026-04-08T09:58:42.470196+00:00" hostname="agent-env-42eb4110-8375-485a-9b7b-cf7295d40fa6"><testcase classname="backend.tests.test_new_modules.TestAuth" name="test_admin_login" time="0.664" /><testcase classname="backend.tests.test_new_modules.TestLateRequests" name="test_get_late_requests" time="1.145" /><testcase classname="backend.tests.test_new_modules.TestLateRequests" name="test_create_late_request_requires_employee" time="1.353" /><testcase classname="backend.tests.test_new_modules.TestEarlyOutRequests" name="test_get_early_out_requests" time="1.089" /><testcase classname="backend.tests.test_new_modules.TestEarlyOutRequests" name="test_create_early_out_request" time="1.365" /><testcase classname="backend.tests.test_new_modules.TestMissedPunch" name="test_get_missed_punches" time="1.195" /><testcase classname="backend.tests.test_new_modules.TestMissedPunch" name="test_create_missed_punch_checkin" time="1.374" /><testcase classname="backend.tests.test_new_modules.TestMissedPunch" name="test_create_missed_punch_both" time="1.357" /><testcase classname="backend.tests.test_new_modules.TestAttendanceStats" name="test_get_attendance_stats" time="1.355"><failure message="AssertionError: Missing field: present_today&#10;assert 'present_today' in {'early_out': 0, 'late_login': 0, 'logged_in': 31, 'logout': 2, ...}">backend/tests/test_new_modules.py:222: in test_get_attendance_stats
    assert field in data, f"Missing field: {field}"
E   AssertionError: Missing field: present_today
E   assert 'present_today' in {'early_out': 0, 'late_login': 0, 'logged_in': 31, 'logout': 2, ...}</failure></testcase><testcase classname="backend.tests.test_new_modules.TestLeaveEnhancements" name="test_get_leaves" time="1.135" /><testcase classname="backend.tests.test_new_modules.TestLeaveEnhancements" name="test_create_leave_with_split" time="1.580" /><testcase classname="backend.tests.test_new_modules.TestLeaveEnhancements" name="test_approve_leave_with_lop" time="3.073" /><testcase classname="backend.tests.test_new_modules.TestDashboardStats" name="test_dashboard_stats" time="7.220" /></testsuite></testsuites>