<?xml version="1.0" encoding="utf-8"?><testsuites name="pytest tests"><testsuite name="pytest" errors="0" failures="0" skipped="0" tests="13" time="3.327" timestamp="2026-02-26T07:31:14.960024+00:00" hostname="agent-env-7729dd55-d11c-4436-a9da-71e29981bb91"><testcase classname="backend.tests.test_onboarding_tickets_audit.TestAuth" name="test_admin_login" time="0.152" /><testcase classname="backend.tests.test_onboarding_tickets_audit.TestOnboardingStats" name="test_get_onboarding_stats" time="0.206" /><testcase classname="backend.tests.test_onboarding_tickets_audit.TestOnboardingList" name="test_get_onboarding_list" time="0.213" /><testcase classname="backend.tests.test_onboarding_tickets_audit.TestOnboardingList" name="test_get_onboarding_list_with_status_filter" time="0.423" /><testcase classname="backend.tests.test_onboarding_tickets_audit.TestTickets" name="test_get_tickets" time="0.219" /><testcase classname="backend.tests.test_onboarding_tickets_audit.TestTickets" name="test_create_ticket" time="0.105" /><testcase classname="backend.tests.test_onboarding_tickets_audit.TestTickets" name="test_get_ticket_stats" time="0.123" /><testcase classname="backend.tests.test_onboarding_tickets_audit.TestTickets" name="test_update_ticket_status" time="0.345" /><testcase classname="backend.tests.test_onboarding_tickets_audit.TestAuditLogs" name="test_get_audit_logs" time="0.228" /><testcase classname="backend.tests.test_onboarding_tickets_audit.TestAuditLogs" name="test_get_audit_logs_with_resource_filter" time="0.584" /><testcase classname="backend.tests.test_onboarding_tickets_audit.TestEmployeeOnboardingLogin" name="test_employee_login_returns_onboarding_status" time="0.111" /><testcase classname="backend.tests.test_onboarding_tickets_audit.TestOnboardingEmployeeDetails" name="test_get_employee_onboarding_details" time="0.327" /><testcase classname="backend.tests.test_onboarding_tickets_audit.TestDepartmentAPI" name="test_get_departments" time="0.224" /></testsuite></testsuites>