<?xml version="1.0" encoding="utf-8"?><testsuites name="pytest tests"><testsuite name="pytest" errors="0" failures="0" skipped="0" tests="15" time="65.063" timestamp="2026-05-20T08:12:59.909500+00:00" hostname="agent-env-692da67c-08f0-46b2-adb6-6145443e040b"><testcase classname="tests.test_onboarding_completion_e2e.TestSettings" name="test_get_settings_defaults" time="36.492" /><testcase classname="tests.test_onboarding_completion_e2e.TestSettings" name="test_put_settings_persists" time="1.566" /><testcase classname="tests.test_onboarding_completion_e2e.TestSettings" name="test_settings_rbac_employee_forbidden" time="1.420" /><testcase classname="tests.test_onboarding_completion_e2e.TestSettings" name="test_settings_put_rbac_employee_forbidden" time="0.350" /><testcase classname="tests.test_onboarding_completion_e2e.TestDashboard" name="test_dashboard_returns_rows" time="1.504" /><testcase classname="tests.test_onboarding_completion_e2e.TestDashboard" name="test_dashboard_filter_incomplete" time="1.303" /><testcase classname="tests.test_onboarding_completion_e2e.TestDashboard" name="test_dashboard_filter_no_photo" time="1.344" /><testcase classname="tests.test_onboarding_completion_e2e.TestDashboard" name="test_dashboard_search" time="1.033" /><testcase classname="tests.test_onboarding_completion_e2e.TestDashboard" name="test_dashboard_rbac" time="0.355" /><testcase classname="tests.test_onboarding_completion_e2e.TestRunNow" name="test_run_now_pilot_only" time="3.147" /><testcase classname="tests.test_onboarding_completion_e2e.TestRunNow" name="test_run_now_force_cadence_bypass" time="5.349" /><testcase classname="tests.test_onboarding_completion_e2e.TestRunNow" name="test_run_now_target_employee" time="2.162" /><testcase classname="tests.test_onboarding_completion_e2e.TestRunNow" name="test_run_now_rbac" time="0.333" /><testcase classname="tests.test_onboarding_completion_e2e.TestEmployeeSelf" name="test_my_completion_shape" time="1.498" /><testcase classname="tests.test_onboarding_completion_e2e.TestRunNowSideEffects" name="test_reminder_count_increments_in_dashboard" time="7.116" /></testsuite></testsuites>