<?xml version="1.0" encoding="utf-8"?><testsuites name="pytest tests"><testsuite name="pytest" errors="0" failures="0" skipped="0" tests="29" time="41.718" timestamp="2026-04-08T12:58:41.148447+00:00" hostname="agent-env-2a7e5a92-6568-4522-a4c8-7350856e1ec9"><testcase classname="backend.tests.test_operational_checklist.TestAuth" name="test_hr_login" time="0.590" /><testcase classname="backend.tests.test_operational_checklist.TestAuth" name="test_office_admin_login" time="0.566" /><testcase classname="backend.tests.test_operational_checklist.TestAuth" name="test_system_admin_login" time="0.549" /><testcase classname="backend.tests.test_operational_checklist.TestAuth" name="test_employee_login" time="0.766" /><testcase classname="backend.tests.test_operational_checklist.TestOperationalChecklistRBAC" name="test_hr_can_access_checklists" time="1.309" /><testcase classname="backend.tests.test_operational_checklist.TestOperationalChecklistRBAC" name="test_office_admin_can_access_checklists" time="1.147" /><testcase classname="backend.tests.test_operational_checklist.TestOperationalChecklistRBAC" name="test_system_admin_cannot_access_checklists" time="0.900" /><testcase classname="backend.tests.test_operational_checklist.TestOperationalChecklistRBAC" name="test_employee_cannot_access_checklists" time="1.105" /><testcase classname="backend.tests.test_operational_checklist.TestOperationalChecklistRBAC" name="test_system_admin_cannot_access_stats" time="0.960" /><testcase classname="backend.tests.test_operational_checklist.TestOperationalChecklistRBAC" name="test_employee_cannot_access_stats" time="1.100" /><testcase classname="backend.tests.test_operational_checklist.TestOperationalChecklistStats" name="test_hr_can_get_stats" time="1.805" /><testcase classname="backend.tests.test_operational_checklist.TestOperationalChecklistStats" name="test_office_admin_can_get_stats" time="1.852" /><testcase classname="backend.tests.test_operational_checklist.TestOperationalChecklistPendingCount" name="test_hr_can_get_pending_count" time="1.089" /><testcase classname="backend.tests.test_operational_checklist.TestOperationalChecklistPendingCount" name="test_office_admin_can_get_pending_count" time="1.138" /><testcase classname="backend.tests.test_operational_checklist.TestOperationalChecklistPendingCount" name="test_system_admin_cannot_get_pending_count" time="0.904" /><testcase classname="backend.tests.test_operational_checklist.TestOperationalChecklistList" name="test_get_all_checklists" time="1.182" /><testcase classname="backend.tests.test_operational_checklist.TestOperationalChecklistList" name="test_filter_by_status_pending" time="1.595" /><testcase classname="backend.tests.test_operational_checklist.TestOperationalChecklistList" name="test_filter_by_status_in_progress" time="1.099" /><testcase classname="backend.tests.test_operational_checklist.TestOperationalChecklistList" name="test_filter_by_status_completed" time="1.132" /><testcase classname="backend.tests.test_operational_checklist.TestOperationalChecklistList" name="test_search_by_name" time="1.726" /><testcase classname="backend.tests.test_operational_checklist.TestOperationalChecklistDetail" name="test_get_checklist_detail" time="1.681" /><testcase classname="backend.tests.test_operational_checklist.TestOperationalChecklistDetail" name="test_get_nonexistent_checklist" time="1.104" /><testcase classname="backend.tests.test_operational_checklist.TestOperationalChecklistToggle" name="test_toggle_item_complete" time="3.677" /><testcase classname="backend.tests.test_operational_checklist.TestOperationalChecklistToggle" name="test_toggle_item_with_notes" time="4.201" /><testcase classname="backend.tests.test_operational_checklist.TestOperationalChecklistToggle" name="test_toggle_nonexistent_item" time="1.721" /><testcase classname="backend.tests.test_operational_checklist.TestOperationalChecklistToggle" name="test_system_admin_cannot_toggle" time="0.877" /><testcase classname="backend.tests.test_operational_checklist.TestOperationalChecklistToggle" name="test_employee_cannot_toggle" time="1.098" /><testcase classname="backend.tests.test_operational_checklist.TestOperationalChecklistStatusTransitions" name="test_status_pending_to_in_progress" time="3.621" /><testcase classname="backend.tests.test_operational_checklist.TestChecklistItemCategories" name="test_items_have_correct_categories" time="1.124" /></testsuite></testsuites>