<?xml version="1.0" encoding="utf-8"?><testsuites name="pytest tests"><testsuite name="pytest" errors="0" failures="0" skipped="0" tests="14" time="164.393" timestamp="2026-08-28T13:22:49.910325+00:00" hostname="agent-env-d2b154a6-5072-46ae-9b41-0f74a8491535"><testcase classname="tests.test_paid_leave_grid_codes.TestLeaveCodeHelper" name="test_paid_leave_full_day_returns_PA" time="0.000" /><testcase classname="tests.test_paid_leave_grid_codes.TestLeaveCodeHelper" name="test_paid_leave_half_returns_PH[First Half]" time="0.000" /><testcase classname="tests.test_paid_leave_grid_codes.TestLeaveCodeHelper" name="test_paid_leave_half_returns_PH[Second Half]" time="0.000" /><testcase classname="tests.test_paid_leave_grid_codes.TestLeaveCodeHelper" name="test_paid_leave_half_returns_PH[Half Day]" time="0.000" /><testcase classname="tests.test_paid_leave_grid_codes.TestLeaveCodeHelper" name="test_paid_leave_half_returns_PH[Half]" time="0.000" /><testcase classname="tests.test_paid_leave_grid_codes.TestLeaveCodeHelper" name="test_pre_planned_full_PF_half_PH" time="0.000" /><testcase classname="tests.test_paid_leave_grid_codes.TestLeaveCodeHelper" name="test_sick_full_SF_half_SH" time="0.000" /><testcase classname="tests.test_paid_leave_grid_codes.TestLeaveCodeHelper" name="test_emergency_full_EF_half_EH" time="0.000" /><testcase classname="tests.test_paid_leave_grid_codes.TestLeaveCodeHelper" name="test_optional_returns_OH" time="0.000" /><testcase classname="tests.test_paid_leave_grid_codes.TestLeaveCodeHelper" name="test_unknown_leave_type_defaults_to_paid_bucket" time="0.000" /><testcase classname="tests.test_paid_leave_grid_codes.TestPayrollPaidLeaveGridCodes" name="test_admin_login_works" time="126.010" /><testcase classname="tests.test_paid_leave_grid_codes.TestPayrollPaidLeaveGridCodes" name="test_paid_leave_full_day_shows_PA" time="11.628" /><testcase classname="tests.test_paid_leave_grid_codes.TestPayrollPaidLeaveGridCodes" name="test_paid_leave_half_day_shows_PH" time="12.156" /><testcase classname="tests.test_paid_leave_grid_codes.TestPayrollPaidLeaveGridCodes" name="test_no_leave_employee_payroll_regression" time="9.228" /></testsuite></testsuites>