<?xml version="1.0" encoding="utf-8"?><testsuites name="pytest tests"><testsuite name="pytest" errors="0" failures="0" skipped="0" tests="13" time="24.903" timestamp="2026-05-05T15:30:40.980061+00:00" hostname="agent-env-692da67c-08f0-46b2-adb6-6145443e040b"><testcase classname="tests.test_password_reset_flows.TestAdminDirectReset" name="test_1_auto_generate_reset" time="2.035" /><testcase classname="tests.test_password_reset_flows.TestAdminDirectReset" name="test_2_login_with_new_auto_password" time="0.877" /><testcase classname="tests.test_password_reset_flows.TestAdminDirectReset" name="test_3_old_password_fails" time="0.268" /><testcase classname="tests.test_password_reset_flows.TestAdminDirectReset" name="test_4_manual_reset_does_not_echo_password" time="1.506" /><testcase classname="tests.test_password_reset_flows.TestAdminDirectReset" name="test_5_login_with_manual_password" time="0.745" /><testcase classname="tests.test_password_reset_flows.TestAdminDirectReset" name="test_6_reject_weak_short_password" time="0.758" /><testcase classname="tests.test_password_reset_flows.TestAdminDirectReset" name="test_7_reject_no_digit_password" time="0.742" /><testcase classname="tests.test_password_reset_flows.TestAdminDirectReset" name="test_8_reject_mismatched_confirm" time="0.745" /><testcase classname="tests.test_password_reset_flows.TestSelfServiceReset" name="test_1_forgot_password_unknown" time="0.248" /><testcase classname="tests.test_password_reset_flows.TestSelfServiceReset" name="test_2_forgot_password_valid_username" time="1.897" /><testcase classname="tests.test_password_reset_flows.TestSelfServiceReset" name="test_3_validate_invalid_token" time="0.248" /><testcase classname="tests.test_password_reset_flows.TestSelfServiceReset" name="test_4_token_flow_from_db" time="11.606" /><testcase classname="tests.test_password_reset_flows" name="test_zzz_restore_original_password" time="3.174" /></testsuite></testsuites>