<?xml version="1.0" encoding="utf-8"?><testsuites name="pytest tests"><testsuite name="pytest" errors="0" failures="0" skipped="0" tests="15" time="44.452" timestamp="2026-04-17T15:39:54.902188+00:00" hostname="agent-env-21426c6e-07fb-4ab4-84db-21efde97f821"><testcase classname="backend.tests.test_payroll_sundays_only.TestActiveEmployeeApril2026SundaysOnly" name="test_active_employee_weekoff_pay_equals_4_sundays_only" time="18.263" /><testcase classname="backend.tests.test_payroll_sundays_only.TestActiveEmployeeApril2026SundaysOnly" name="test_active_employee_holidays_show_oh_with_weekoff_value_0" time="1.810" /><testcase classname="backend.tests.test_payroll_sundays_only.TestActiveEmployeeApril2026SundaysOnly" name="test_active_employee_holidays_not_in_weekoff_pay" time="1.761" /><testcase classname="backend.tests.test_payroll_sundays_only.TestActiveEmployeeApril2026SundaysOnly" name="test_active_employee_sundays_have_weekoff_value_1" time="1.809" /><testcase classname="backend.tests.test_payroll_sundays_only.TestActiveEmployeeApril2026SundaysOnly" name="test_active_employee_future_sunday_status_su_weekoff_1" time="1.802" /><testcase classname="backend.tests.test_payroll_sundays_only.TestActiveEmployeeApril2026SundaysOnly" name="test_active_employee_future_holiday_status_h_weekoff_0" time="1.836" /><testcase classname="backend.tests.test_payroll_sundays_only.TestInactiveEmployeeApril14SundaysOnly" name="test_inactive_employee_weekoff_pay_equals_2_sundays_only" time="1.816" /><testcase classname="backend.tests.test_payroll_sundays_only.TestInactiveEmployeeApril14SundaysOnly" name="test_inactive_employee_holidays_show_oh_with_weekoff_value_0" time="1.735" /><testcase classname="backend.tests.test_payroll_sundays_only.TestInactiveEmployeeApril16SundaysOnly" name="test_inactive_employee_apr16_weekoff_pay_equals_2_sundays_only" time="1.761" /><testcase classname="backend.tests.test_payroll_sundays_only.TestSundayNotWorkedStatus" name="test_sunday_not_worked_status_wo_weekoff_1" time="1.774" /><testcase classname="backend.tests.test_payroll_sundays_only.TestHolidayNotWorkedStatus" name="test_holiday_not_worked_status_oh_weekoff_0_extra_0" time="1.867" /><testcase classname="backend.tests.test_payroll_sundays_only.TestWorkingDaysCalculation" name="test_working_days_excludes_sundays_and_holidays" time="1.750" /><testcase classname="backend.tests.test_payroll_sundays_only.TestPayableFormula" name="test_payable_formula_correct" time="1.768" /><testcase classname="backend.tests.test_payroll_sundays_only.TestJanuary2026SundaysOnly" name="test_january_2026_weekoff_pay_4_sundays_only" time="1.728" /><testcase classname="backend.tests.test_payroll_sundays_only.TestPayrollSummaryEndpoint" name="test_payroll_summary_includes_total_weekoff_pay" time="2.890" /></testsuite></testsuites>