<?xml version="1.0" encoding="utf-8"?><testsuites name="pytest tests"><testsuite name="pytest" errors="0" failures="0" skipped="0" tests="14" time="46.374" timestamp="2026-04-17T15:24:39.325195+00:00" hostname="agent-env-21426c6e-07fb-4ab4-84db-21efde97f821"><testcase classname="backend.tests.test_payroll_weekoff_fix.TestActiveEmployeeApril2026" name="test_active_employee_weekoff_pay_equals_6" time="18.702" /><testcase classname="backend.tests.test_payroll_weekoff_fix.TestActiveEmployeeApril2026" name="test_active_employee_working_days_equals_24" time="1.718" /><testcase classname="backend.tests.test_payroll_weekoff_fix.TestActiveEmployeeApril2026" name="test_active_employee_future_sundays_show_su_with_weekoff_value_1" time="1.727" /><testcase classname="backend.tests.test_payroll_weekoff_fix.TestActiveEmployeeApril2026" name="test_active_employee_future_working_days_show_na_and_count" time="1.754" /><testcase classname="backend.tests.test_payroll_weekoff_fix.TestInactiveEmployeeApril14" name="test_inactive_employee_weekoff_pay_equals_4" time="1.920" /><testcase classname="backend.tests.test_payroll_weekoff_fix.TestInactiveEmployeeApril14" name="test_inactive_employee_working_days_equals_10" time="1.723" /><testcase classname="backend.tests.test_payroll_weekoff_fix.TestInactiveEmployeeApril14" name="test_inactive_employee_dates_after_inactive_show_r_status" time="1.759" /><testcase classname="backend.tests.test_payroll_weekoff_fix.TestInactiveEmployeeApril14" name="test_inactive_employee_final_payable_days_formula" time="1.732" /><testcase classname="backend.tests.test_payroll_weekoff_fix.TestInactiveEmployeeApril16" name="test_inactive_employee_apr16_weekoff_pay_equals_4" time="1.840" /><testcase classname="backend.tests.test_payroll_weekoff_fix.TestInactiveEmployeeApril16" name="test_inactive_employee_apr16_working_days_equals_12" time="1.744" /><testcase classname="backend.tests.test_payroll_weekoff_fix.TestNoRegressionPastMonth" name="test_active_employee_january_2026_unchanged" time="1.737" /><testcase classname="backend.tests.test_payroll_weekoff_fix.TestPayrollSummary" name="test_payroll_summary_includes_updated_totals" time="2.656" /><testcase classname="backend.tests.test_payroll_weekoff_fix.TestActiveVsInactiveComparison" name="test_active_has_more_weekoff_than_inactive" time="3.815" /><testcase classname="backend.tests.test_payroll_weekoff_fix.TestActiveVsInactiveComparison" name="test_active_has_more_working_days_than_inactive" time="3.476" /></testsuite></testsuites>