<?xml version="1.0" encoding="utf-8"?><testsuites name="pytest tests"><testsuite name="pytest" errors="0" failures="0" skipped="0" tests="20" time="59.999" timestamp="2026-04-16T13:15:22.847726+00:00" hostname="agent-env-21426c6e-07fb-4ab4-84db-21efde97f821"><testcase classname="backend.tests.test_payroll_compliance.TestPayrollAuthentication" name="test_payroll_requires_auth" time="14.918" /><testcase classname="backend.tests.test_payroll_compliance.TestPayrollAuthentication" name="test_payroll_requires_hr_role" time="1.923" /><testcase classname="backend.tests.test_payroll_compliance.TestPayrollStructure" name="test_payroll_endpoint_returns_200" time="3.445" /><testcase classname="backend.tests.test_payroll_compliance.TestPayrollStructure" name="test_payroll_returns_list" time="2.355" /><testcase classname="backend.tests.test_payroll_compliance.TestPayrollStructure" name="test_payroll_has_new_fields" time="2.033" /><testcase classname="backend.tests.test_payroll_compliance.TestPayrollStructure" name="test_payroll_has_backward_compat_fields" time="2.081" /><testcase classname="backend.tests.test_payroll_compliance.TestPayrollStructure" name="test_attendance_details_structure" time="2.067" /><testcase classname="backend.tests.test_payroll_compliance.TestPayrollFormula" name="test_payable_days_formula" time="2.626" /><testcase classname="backend.tests.test_payroll_compliance.TestPayrollFormula" name="test_total_days_is_30_for_april" time="2.096" /><testcase classname="backend.tests.test_payroll_compliance.TestHolidayDetection" name="test_april_3_is_holiday" time="2.669" /><testcase classname="backend.tests.test_payroll_compliance.TestHolidayDetection" name="test_april_14_is_holiday" time="2.041" /><testcase classname="backend.tests.test_payroll_compliance.TestHolidayDetection" name="test_holidays_excluded_from_working_days" time="2.114" /><testcase classname="backend.tests.test_payroll_compliance.TestSundayHandling" name="test_sundays_marked_as_wo" time="2.774" /><testcase classname="backend.tests.test_payroll_compliance.TestSundayHandling" name="test_weekoff_pay_counts_sundays" time="2.041" /><testcase classname="backend.tests.test_payroll_compliance.TestStatusCodes" name="test_valid_status_codes" time="2.675" /><testcase classname="backend.tests.test_payroll_compliance.TestStatusCodes" name="test_future_dates_have_correct_status" time="2.069" /><testcase classname="backend.tests.test_payroll_compliance.TestPayrollSummary" name="test_summary_endpoint_returns_200" time="2.617" /><testcase classname="backend.tests.test_payroll_compliance.TestPayrollSummary" name="test_summary_has_new_fields" time="2.015" /><testcase classname="backend.tests.test_payroll_compliance.TestDepartmentWorkHours" name="test_department_work_hours_config" time="2.669" /><testcase classname="backend.tests.test_payroll_compliance.TestPayrollPerformance" name="test_payroll_performance" time="2.690" /></testsuite></testsuites>