<?xml version="1.0" encoding="utf-8"?><testsuites name="pytest tests"><testsuite name="pytest" errors="0" failures="0" skipped="0" tests="4" time="32.020" timestamp="2026-04-10T07:23:58.506724+00:00" hostname="agent-env-2a7e5a92-6568-4522-a4c8-7350856e1ec9"><testcase classname="tests.test_payslip_username.TestPayslipAndUsernameCollision" name="test_salary_api_returns_structure" time="12.473" /><testcase classname="tests.test_payslip_username.TestPayslipAndUsernameCollision" name="test_salary_api_with_ctc_update" time="3.605" /><testcase classname="tests.test_payslip_username.TestPayslipAndUsernameCollision" name="test_username_collision_fix" time="14.053" /><testcase classname="tests.test_payslip_username.TestPayslipAndUsernameCollision" name="test_salary_adjustments_api" time="1.835" /></testsuite></testsuites>