<?xml version="1.0" encoding="utf-8"?><testsuites name="pytest tests"><testsuite name="pytest" errors="0" failures="0" skipped="0" tests="25" time="133.471" timestamp="2026-08-19T06:32:48.873476+00:00" hostname="agent-env-d2b154a6-5072-46ae-9b41-0f74a8491535"><testcase classname="tests.test_payslip_module.TestTemplates" name="test_create_template_ok" time="70.830" /><testcase classname="tests.test_payslip_module.TestTemplates" name="test_empty_name_400" time="0.602" /><testcase classname="tests.test_payslip_module.TestTemplates" name="test_no_components_400" time="0.795" /><testcase classname="tests.test_payslip_module.TestTemplates" name="test_duplicate_name_409" time="0.814" /><testcase classname="tests.test_payslip_module.TestTemplates" name="test_percentage_over_100_rejected" time="0.811" /><testcase classname="tests.test_payslip_module.TestTemplates" name="test_duplicate_display_order_rejected" time="0.805" /><testcase classname="tests.test_payslip_module.TestTemplates" name="test_list_templates" time="0.807" /><testcase classname="tests.test_payslip_module.TestTemplates" name="test_update_template" time="1.322" /><testcase classname="tests.test_payslip_module.TestAssignments" name="test_single_assign" time="3.215" /><testcase classname="tests.test_payslip_module.TestAssignments" name="test_reassign_closes_old" time="2.960" /><testcase classname="tests.test_payslip_module.TestAssignments" name="test_list_assignments" time="1.085" /><testcase classname="tests.test_payslip_module.TestAssignments" name="test_bulk_assign" time="2.816" /><testcase classname="tests.test_payslip_module.TestAssignments" name="test_delete_template_in_use_409" time="0.832" /><testcase classname="tests.test_payslip_module.TestCalculate" name="test_calculate_may_2026" time="2.813" /><testcase classname="tests.test_payslip_module.TestCalculate" name="test_calculate_bad_month" time="0.582" /><testcase classname="tests.test_payslip_module.TestGenerateConfirm" name="test_generate_may_2026" time="3.538" /><testcase classname="tests.test_payslip_module.TestGenerateConfirm" name="test_list_generated" time="0.855" /><testcase classname="tests.test_payslip_module.TestGenerateConfirm" name="test_confirm_slip" time="2.302" /><testcase classname="tests.test_payslip_module.TestGenerateConfirm" name="test_regenerate_skips_confirmed" time="1.835" /><testcase classname="tests.test_payslip_module.TestGenerateConfirm" name="test_delete_confirmed_409" time="0.859" /><testcase classname="tests.test_payslip_module.TestGenerateConfirm" name="test_unconfirm" time="1.368" /><testcase classname="tests.test_payslip_module.TestGenerateConfirm" name="test_confirm_all" time="1.112" /><testcase classname="tests.test_payslip_module.TestGenerateConfirm" name="test_pdf_download" time="0.845" /><testcase classname="tests.test_payslip_module.TestEmployeeVisibility" name="test_my_payslips_visibility" time="16.586" /><testcase classname="tests.test_payslip_module.TestEmployeeVisibility" name="test_employee_forbidden_on_admin_endpoints" time="12.991" /></testsuite></testsuites>