<?xml version="1.0" encoding="utf-8"?><testsuites name="pytest tests"><testsuite name="pytest" errors="0" failures="0" skipped="0" tests="13" time="132.301" timestamp="2026-08-29T06:37:47.199439+00:00" hostname="agent-env-d2b154a6-5072-46ae-9b41-0f74a8491535"><testcase classname="tests.test_payslip_auth_layer.Test1_AdminBeforeVerification" name="test_all_admin_payslip_endpoints_return_403_and_no_salary" time="77.797" /><testcase classname="tests.test_payslip_auth_layer.Test1_AdminBeforeVerification" name="test_post_calculate_and_generate_before_verify" time="1.348" /><testcase classname="tests.test_payslip_auth_layer.Test2_VerifyFlow" name="test_wrong_code_returns_401" time="2.556" /><testcase classname="tests.test_payslip_auth_layer.Test2_VerifyFlow" name="test_bad_length_returns_400" time="1.535" /><testcase classname="tests.test_payslip_auth_layer.Test2_VerifyFlow" name="test_correct_code_verifies_and_unlocks" time="8.762" /><testcase classname="tests.test_payslip_auth_layer.Test3_SessionScope" name="test_fresh_login_relocks" time="6.584" /><testcase classname="tests.test_payslip_auth_layer.Test4_BruteForce" name="test_lockout_and_correct_code_still_denied_while_locked" time="18.008" /><testcase classname="tests.test_payslip_auth_layer.Test5_EmployeeUnaffected" name="test_employee_my_payslips_works" time="2.039" /><testcase classname="tests.test_payslip_auth_layer.Test5_EmployeeUnaffected" name="test_employee_denied_admin_payslip_endpoints" time="1.134" /><testcase classname="tests.test_payslip_auth_layer.Test5_EmployeeUnaffected" name="test_employee_denied_payslip_security_endpoints" time="0.847" /><testcase classname="tests.test_payslip_auth_layer.Test6_NoPlaintextLeak" name="test_status_and_settings_never_include_code" time="2.765" /><testcase classname="tests.test_payslip_auth_layer.Test6_NoPlaintextLeak" name="test_mongo_settings_only_hash_and_salt" time="3.425" /><testcase classname="tests.test_payslip_auth_layer.Test6_NoPlaintextLeak" name="test_audit_rows_have_no_code" time="5.423" /></testsuite></testsuites>