<?xml version="1.0" encoding="utf-8"?><testsuites name="pytest tests"><testsuite name="pytest" errors="0" failures="0" skipped="0" tests="6" time="61.606" timestamp="2026-05-20T12:10:59.835352+00:00" hostname="agent-env-692da67c-08f0-46b2-adb6-6145443e040b"><testcase classname="tests.test_photo_wall_avatar.TestAvatarRBAC" name="test_sysadmin_can_update_other_employee_avatar" time="39.223" /><testcase classname="tests.test_photo_wall_avatar.TestAvatarRBAC" name="test_office_admin_can_update_other_employee_avatar" time="1.857" /><testcase classname="tests.test_photo_wall_avatar.TestAvatarRBAC" name="test_employee_cannot_update_others_avatar" time="2.017" /><testcase classname="tests.test_photo_wall_avatar.TestAvatarRBAC" name="test_unauthenticated_request_rejected" time="0.102" /><testcase classname="tests.test_photo_wall_avatar.TestAvatarPersistenceAndAudit" name="test_update_persists_and_audit_log_written" time="15.439" /><testcase classname="tests.test_photo_wall_avatar.TestAvatarPersistenceAndAudit" name="test_remove_avatar" time="2.897" /></testsuite></testsuites>