<?xml version="1.0" encoding="utf-8"?><testsuites name="pytest tests"><testsuite name="pytest" errors="0" failures="0" skipped="0" tests="17" time="3.801" timestamp="2026-02-26T12:58:27.572186+00:00" hostname="agent-env-3757860e-f46c-483a-a325-6724a89bf9dd"><testcase classname="backend.tests.test_policies_education_experience.TestAuth" name="test_admin_login" time="0.232" /><testcase classname="backend.tests.test_policies_education_experience.TestAuth" name="test_employee_login" time="0.114" /><testcase classname="backend.tests.test_policies_education_experience.TestPoliciesAPI" name="test_get_policies_as_admin" time="0.245" /><testcase classname="backend.tests.test_policies_education_experience.TestPoliciesAPI" name="test_get_policies_as_employee" time="0.219" /><testcase classname="backend.tests.test_policies_education_experience.TestPoliciesAPI" name="test_leave_policy_details" time="0.114" /><testcase classname="backend.tests.test_policies_education_experience.TestPoliciesAPI" name="test_it_policy_details" time="0.117" /><testcase classname="backend.tests.test_policies_education_experience.TestPoliciesAPI" name="test_research_policy_details" time="0.114" /><testcase classname="backend.tests.test_policies_education_experience.TestPoliciesAPI" name="test_get_single_policy" time="0.112" /><testcase classname="backend.tests.test_policies_education_experience.TestPoliciesAPI" name="test_get_nonexistent_policy" time="0.107" /><testcase classname="backend.tests.test_policies_education_experience.TestEmployeeEducationExperience" name="test_get_employee_education_experience" time="0.158" /><testcase classname="backend.tests.test_policies_education_experience.TestEmployeeEducationExperience" name="test_add_education_entry" time="0.436" /><testcase classname="backend.tests.test_policies_education_experience.TestEmployeeEducationExperience" name="test_add_experience_entry" time="0.455" /><testcase classname="backend.tests.test_policies_education_experience.TestAdminEducationExperience" name="test_admin_get_employee_education_experience" time="0.220" /><testcase classname="backend.tests.test_policies_education_experience.TestAdminEducationExperience" name="test_verify_education" time="0.328" /><testcase classname="backend.tests.test_policies_education_experience.TestAdminEducationExperience" name="test_verify_experience" time="0.313" /><testcase classname="backend.tests.test_policies_education_experience.TestAdminEducationExperience" name="test_employee_cannot_edit_after_verification" time="0.325" /><testcase classname="backend.tests.test_policies_education_experience.TestEmployeeBySearch" name="test_find_test_employee" time="0.108" /></testsuite></testsuites>