<?xml version="1.0" encoding="utf-8"?><testsuites name="pytest tests"><testsuite name="pytest" errors="0" failures="0" skipped="0" tests="32" time="75.677" timestamp="2026-04-08T11:31:29.797292+00:00" hostname="agent-env-2a7e5a92-6568-4522-a4c8-7350856e1ec9"><testcase classname="backend.tests.test_rbac_notifications.TestAuthentication" name="test_hr_login" time="0.569" /><testcase classname="backend.tests.test_rbac_notifications.TestAuthentication" name="test_system_admin_login" time="0.553" /><testcase classname="backend.tests.test_rbac_notifications.TestAuthentication" name="test_office_admin_login" time="0.559" /><testcase classname="backend.tests.test_rbac_notifications.TestAuthentication" name="test_employee_login" time="0.785" /><testcase classname="backend.tests.test_rbac_notifications.TestNotificationEndpoints" name="test_get_notifications_hr" time="2.265" /><testcase classname="backend.tests.test_rbac_notifications.TestNotificationEndpoints" name="test_get_notifications_system_admin" time="2.268" /><testcase classname="backend.tests.test_rbac_notifications.TestNotificationEndpoints" name="test_get_unread_count_hr" time="2.252" /><testcase classname="backend.tests.test_rbac_notifications.TestNotificationEndpoints" name="test_mark_all_read" time="2.289" /><testcase classname="backend.tests.test_rbac_notifications.TestRoleManagementEndpoints" name="test_get_permissions_hr" time="2.802" /><testcase classname="backend.tests.test_rbac_notifications.TestRoleManagementEndpoints" name="test_get_permissions_system_admin" time="2.868" /><testcase classname="backend.tests.test_rbac_notifications.TestRoleManagementEndpoints" name="test_get_permissions_office_admin_denied" time="2.787" /><testcase classname="backend.tests.test_rbac_notifications.TestRoleManagementEndpoints" name="test_get_users_hr" time="3.044" /><testcase classname="backend.tests.test_rbac_notifications.TestRoleManagementEndpoints" name="test_get_users_system_admin" time="3.058" /><testcase classname="backend.tests.test_rbac_notifications.TestRoleManagementEndpoints" name="test_get_users_office_admin_denied" time="2.954" /><testcase classname="backend.tests.test_rbac_notifications.TestRoleBasedEmployeeAccess" name="test_hr_can_view_employees" time="2.731" /><testcase classname="backend.tests.test_rbac_notifications.TestRoleBasedEmployeeAccess" name="test_system_admin_can_view_employees" time="2.749" /><testcase classname="backend.tests.test_rbac_notifications.TestRoleBasedEmployeeAccess" name="test_office_admin_can_view_employees" time="2.741" /><testcase classname="backend.tests.test_rbac_notifications.TestRoleBasedEmployeeAccess" name="test_system_admin_cannot_create_employee" time="2.097" /><testcase classname="backend.tests.test_rbac_notifications.TestRoleBasedEmployeeAccess" name="test_office_admin_cannot_create_employee" time="2.044" /><testcase classname="backend.tests.test_rbac_notifications.TestRoleBasedLeaveAccess" name="test_hr_can_view_leaves" time="2.469" /><testcase classname="backend.tests.test_rbac_notifications.TestRoleBasedLeaveAccess" name="test_system_admin_can_view_leaves" time="2.231" /><testcase classname="backend.tests.test_rbac_notifications.TestRoleBasedLeaveAccess" name="test_office_admin_can_view_leaves" time="2.292" /><testcase classname="backend.tests.test_rbac_notifications.TestRoleBasedLeaveAccess" name="test_office_admin_cannot_approve_leave" time="2.091" /><testcase classname="backend.tests.test_rbac_notifications.TestRoleBasedLateRequestAccess" name="test_all_admins_can_view_late_requests" time="3.393" /><testcase classname="backend.tests.test_rbac_notifications.TestRoleBasedLateRequestAccess" name="test_system_admin_cannot_reject_late_request" time="1.976" /><testcase classname="backend.tests.test_rbac_notifications.TestRoleBasedLateRequestAccess" name="test_office_admin_cannot_reject_late_request" time="2.017" /><testcase classname="backend.tests.test_rbac_notifications.TestRoleUpdatePermissions" name="test_hr_can_update_role" time="2.795" /><testcase classname="backend.tests.test_rbac_notifications.TestRoleUpdatePermissions" name="test_system_admin_can_update_role" time="2.808" /><testcase classname="backend.tests.test_rbac_notifications.TestRoleUpdatePermissions" name="test_office_admin_cannot_update_role" time="2.544" /><testcase classname="backend.tests.test_rbac_notifications.TestAuditLogsAccess" name="test_hr_can_view_audit_logs" time="3.840" /><testcase classname="backend.tests.test_rbac_notifications.TestAuditLogsAccess" name="test_system_admin_can_view_audit_logs" time="3.661" /><testcase classname="backend.tests.test_rbac_notifications.TestAuditLogsAccess" name="test_office_admin_cannot_view_audit_logs" time="2.079" /></testsuite></testsuites>