<?xml version="1.0" encoding="utf-8"?><testsuites name="pytest tests"><testsuite name="pytest" errors="0" failures="3" skipped="0" tests="75" time="143.214" timestamp="2026-08-29T07:15:08.753854+00:00" hostname="agent-env-d2b154a6-5072-46ae-9b41-0f74a8491535"><testcase classname="tests.test_rbac_isolation" name="test_employee_denied_admin_endpoints[/employees/all]" time="3.857" /><testcase classname="tests.test_rbac_isolation" name="test_employee_denied_admin_endpoints[/employees]" time="0.377" /><testcase classname="tests.test_rbac_isolation" name="test_employee_denied_admin_endpoints[/employees/autocomplete?q=a]" time="0.343" /><testcase classname="tests.test_rbac_isolation" name="test_employee_denied_admin_endpoints[/employees/stats]" time="0.340" /><testcase classname="tests.test_rbac_isolation" name="test_employee_denied_admin_endpoints[/dashboard/leave-list]" time="0.362" /><testcase classname="tests.test_rbac_isolation" name="test_employee_denied_admin_endpoints[/attendance/stats]" time="0.369" /><testcase classname="tests.test_rbac_isolation" name="test_employee_denied_admin_endpoints[/payroll]" time="0.350" /><testcase classname="tests.test_rbac_isolation" name="test_employee_denied_admin_endpoints[/reports/attendance]" time="0.344" /><testcase classname="tests.test_rbac_isolation" name="test_employee_denied_admin_endpoints[/star-rewards]" time="0.342" /><testcase classname="tests.test_rbac_isolation" name="test_employee_denied_admin_endpoints[/onboarding/list]" time="0.353" /><testcase classname="tests.test_rbac_isolation" name="test_employee_denied_admin_endpoints[/leaves/report]" time="0.358" /><testcase classname="tests.test_rbac_isolation" name="test_employee_denied_admin_endpoints[/audit-logs]" time="0.342" /><testcase classname="tests.test_rbac_isolation" name="test_unauthenticated_is_rejected" time="0.093" /><testcase classname="tests.test_rbac_isolation" name="test_employee_attendance_is_self_only" time="2.783" /><testcase classname="tests.test_rbac_isolation" name="test_employee_cannot_override_attendance_owner" time="2.568" /><testcase classname="tests.test_rbac_isolation" name="test_employee_cannot_filter_attendance_by_other_name" time="3.949" /><testcase classname="tests.test_rbac_isolation" name="test_employee_leaves_are_self_only" time="1.630" /><testcase classname="tests.test_rbac_isolation" name="test_employee_cannot_override_leave_owner" time="1.549" /><testcase classname="tests.test_rbac_isolation" name="test_employee_dashboard_stats_is_personal" time="0.844" /><testcase classname="tests.test_rbac_isolation" name="test_employee_avatar_map_is_self_only" time="0.823" /><testcase classname="tests.test_rbac_isolation" name="test_employee_departments_are_minimal" time="0.827" /><testcase classname="tests.test_rbac_isolation" name="test_employee_teams_are_minimal" time="0.847" /><testcase classname="tests.test_rbac_isolation" name="test_employee_team_detail_is_forbidden" time="0.346" /><testcase classname="tests.test_rbac_isolation" name="test_employee_cannot_read_other_employee_objects[/employees/{id}]" time="0.338" /><testcase classname="tests.test_rbac_isolation" name="test_employee_cannot_read_other_employee_objects[/payroll/{id}]" time="0.347" /><testcase classname="tests.test_rbac_isolation" name="test_employee_cannot_read_other_employee_objects[/employees/{id}/salary]" time="0.360" /><testcase classname="tests.test_rbac_isolation" name="test_employee_cannot_read_other_employee_objects[/employees/{id}/documents]" time="0.367" /><testcase classname="tests.test_rbac_isolation" name="test_employee_cannot_read_other_employee_objects[/employees/{id}/education-experience]" time="0.346" /><testcase classname="tests.test_rbac_isolation" name="test_employee_cannot_read_other_employee_objects[/star-rewards/history/{id}]" time="0.347" /><testcase classname="tests.test_rbac_isolation" name="test_birthday_widget_works_and_is_sanitised" time="1.070" /><testcase classname="tests.test_rbac_isolation" name="test_admin_still_sees_company_wide_data" time="13.208" /><testcase classname="tests.test_rbac_isolation" name="test_employee_self_service_still_works[/employee/profile]" time="0.827" /><testcase classname="tests.test_rbac_isolation" name="test_employee_self_service_still_works[/employee/dashboard]" time="1.569" /><testcase classname="tests.test_rbac_isolation" name="test_employee_self_service_still_works[/employee/attendance]" time="5.187" /><testcase classname="tests.test_rbac_isolation" name="test_employee_self_service_still_works[/employee/leaves]" time="1.602" /><testcase classname="tests.test_rbac_isolation" name="test_employee_self_service_still_works[/holidays]" time="1.317" /><testcase classname="tests.test_rbac_isolation" name="test_employee_self_service_still_works[/policies]" time="2.764" /><testcase classname="tests.test_rbac_isolation" name="test_employee_self_service_still_works[/notifications]" time="0.850" /><testcase classname="tests.test_rbac_isolation" name="test_employee_self_service_still_works[/late-requests]" time="1.374" /><testcase classname="tests.test_rbac_isolation" name="test_employee_self_service_still_works[/missed-punches]" time="1.322" /><testcase classname="tests.test_rbac_isolation" name="test_employee_self_service_still_works[/early-out-requests]" time="1.334" /><testcase classname="tests.test_rbac_isolation" name="test_employee_self_service_still_works[/issue-tickets]" time="0.576"><failure message="AssertionError: /issue-tickets -&gt; 403 {&quot;success&quot;:false,&quot;error&quot;:&quot;module_unavailable&quot;,&quot;message&quot;:&quot;This module is not available for your account.&quot;}&#10;assert 403 == 200&#10; +  where 403 = &lt;Response [403]&gt;.status_code">tests/test_rbac_isolation.py:239: in test_employee_self_service_still_works
    assert r.status_code == 200, f"{path} -&gt; {r.status_code} {r.text[:150]}"
E   AssertionError: /issue-tickets -&gt; 403 {"success":false,"error":"module_unavailable","message":"This module is not available for your account."}
E   assert 403 == 200
E    +  where 403 = &lt;Response [403]&gt;.status_code</failure></testcase><testcase classname="tests.test_rbac_isolation" name="test_employee_self_service_still_works[/payslips/my]" time="0.852"><failure message="AssertionError: /payslips/my -&gt; 403 {&quot;success&quot;:false,&quot;error&quot;:&quot;module_unavailable&quot;,&quot;message&quot;:&quot;This module is not available for your account.&quot;}&#10;assert 403 == 200&#10; +  where 403 = &lt;Response [403]&gt;.status_code">tests/test_rbac_isolation.py:239: in test_employee_self_service_still_works
    assert r.status_code == 200, f"{path} -&gt; {r.status_code} {r.text[:150]}"
E   AssertionError: /payslips/my -&gt; 403 {"success":false,"error":"module_unavailable","message":"This module is not available for your account."}
E   assert 403 == 200
E    +  where 403 = &lt;Response [403]&gt;.status_code</failure></testcase><testcase classname="tests.test_rbac_body_leaks" name="test_body_dashboard_stats_no_admin_fields" time="4.307" /><testcase classname="tests.test_rbac_body_leaks" name="test_body_leaves_only_own_rows" time="1.610" /><testcase classname="tests.test_rbac_body_leaks" name="test_body_attendance_only_own_rows" time="3.005" /><testcase classname="tests.test_rbac_body_leaks" name="test_body_departments_minimal" time="0.824" /><testcase classname="tests.test_rbac_body_leaks" name="test_body_teams_minimal" time="0.862" /><testcase classname="tests.test_rbac_body_leaks" name="test_body_employee_avatars_self_only" time="0.819" /><testcase classname="tests.test_rbac_body_leaks" name="test_body_employees_all_denied" time="0.339" /><testcase classname="tests.test_rbac_body_leaks" name="test_body_dashboard_leave_list_denied" time="0.342" /><testcase classname="tests.test_rbac_body_leaks" name="test_extra_admin_endpoints_denied[/reports/leaves]" time="0.343" /><testcase classname="tests.test_rbac_body_leaks" name="test_extra_admin_endpoints_denied[/settings/module-visibility]" time="0.344" /><testcase classname="tests.test_rbac_body_leaks" name="test_extra_admin_endpoints_denied[/warnings]" time="0.335" /><testcase classname="tests.test_rbac_body_leaks" name="test_extra_admin_endpoints_denied[/payslips]" time="0.355" /><testcase classname="tests.test_rbac_body_leaks" name="test_extra_admin_endpoints_denied[/verification/list]" time="0.343" /><testcase classname="tests.test_rbac_body_leaks" name="test_extra_admin_endpoints_denied[/verification]" time="0.336" /><testcase classname="tests.test_rbac_body_leaks" name="test_idor_late_request_edit" time="2.641" /><testcase classname="tests.test_rbac_body_leaks" name="test_idor_early_out_edit" time="2.614" /><testcase classname="tests.test_rbac_body_leaks" name="test_idor_missed_punch_edit" time="2.630" /><testcase classname="tests.test_rbac_body_leaks" name="test_birthday_widget_sanitised_deep" time="1.122" /><testcase classname="tests.test_rbac_body_leaks" name="test_security_denials_do_not_contain_secrets" time="0.344" /><testcase classname="tests.test_payslip_auth_layer.Test1_AdminBeforeVerification" name="test_all_admin_payslip_endpoints_return_403_and_no_salary" time="5.562" /><testcase classname="tests.test_payslip_auth_layer.Test1_AdminBeforeVerification" name="test_post_calculate_and_generate_before_verify" time="1.347" /><testcase classname="tests.test_payslip_auth_layer.Test2_VerifyFlow" name="test_wrong_code_returns_401" time="2.582" /><testcase classname="tests.test_payslip_auth_layer.Test2_VerifyFlow" name="test_bad_length_returns_400" time="1.688" /><testcase classname="tests.test_payslip_auth_layer.Test2_VerifyFlow" name="test_correct_code_verifies_and_unlocks" time="8.611" /><testcase classname="tests.test_payslip_auth_layer.Test3_SessionScope" name="test_fresh_login_relocks" time="6.630" /><testcase classname="tests.test_payslip_auth_layer.Test4_BruteForce" name="test_lockout_and_correct_code_still_denied_while_locked" time="18.183" /><testcase classname="tests.test_payslip_auth_layer.Test5_EmployeeUnaffected" name="test_employee_my_payslips_works" time="2.027"><failure message="AssertionError: (403, '{&quot;success&quot;:false,&quot;error&quot;:&quot;module_unavailable&quot;,&quot;message&quot;:&quot;This module is not available for your account.&quot;}')&#10;assert 403 == 200&#10; +  where 403 = &lt;Response [403]&gt;.status_code">tests/test_payslip_auth_layer.py:266: in test_employee_my_payslips_works
    assert r.status_code == 200, (r.status_code, r.text[:200])
E   AssertionError: (403, '{"success":false,"error":"module_unavailable","message":"This module is not available for your account."}')
E   assert 403 == 200
E    +  where 403 = &lt;Response [403]&gt;.status_code</failure></testcase><testcase classname="tests.test_payslip_auth_layer.Test5_EmployeeUnaffected" name="test_employee_denied_admin_payslip_endpoints" time="1.155" /><testcase classname="tests.test_payslip_auth_layer.Test5_EmployeeUnaffected" name="test_employee_denied_payslip_security_endpoints" time="0.902" /><testcase classname="tests.test_payslip_auth_layer.Test6_NoPlaintextLeak" name="test_status_and_settings_never_include_code" time="2.796" /><testcase classname="tests.test_payslip_auth_layer.Test6_NoPlaintextLeak" name="test_mongo_settings_only_hash_and_salt" time="2.712" /><testcase classname="tests.test_payslip_auth_layer.Test6_NoPlaintextLeak" name="test_audit_rows_have_no_code" time="5.422" /></testsuite></testsuites>