<?xml version="1.0" encoding="utf-8"?><testsuites name="pytest tests"><testsuite name="pytest" errors="0" failures="0" skipped="0" tests="6" time="22.951" timestamp="2026-04-10T12:21:00.861196+00:00" hostname="agent-env-2a7e5a92-6568-4522-a4c8-7350856e1ec9"><testcase classname="backend.tests.test_research_ctc_calculation.TestResearchCTCCalculation" name="test_research_employee_salary_calculation" time="14.640" /><testcase classname="backend.tests.test_research_ctc_calculation.TestResearchCTCCalculation" name="test_research_salary_formula_integrity" time="1.324" /><testcase classname="backend.tests.test_research_ctc_calculation.TestResearchCTCCalculation" name="test_non_research_employee_salary_calculation" time="1.997" /><testcase classname="backend.tests.test_research_ctc_calculation.TestResearchCTCCalculation" name="test_designation_based_routing" time="1.588" /><testcase classname="backend.tests.test_research_ctc_calculation.TestResearchCTCCalculation" name="test_research_b_percentage_allocation" time="1.305" /><testcase classname="backend.tests.test_research_ctc_calculation.TestResearchDesignationVariants" name="test_get_salary_calculator_routing" time="2.030" /></testsuite></testsuites>