<?xml version="1.0" encoding="utf-8"?><testsuites name="pytest tests"><testsuite name="pytest" errors="0" failures="1" skipped="0" tests="19" time="4.243" timestamp="2026-02-26T15:35:46.499156+00:00" hostname="agent-env-b281f414-c2b9-4fba-a5a1-24b3b65ddf08"><testcase classname="backend.tests.test_salary_breakup.TestSalaryStructure" name="test_get_employee_salary_admin" time="0.446" /><testcase classname="backend.tests.test_salary_breakup.TestSalaryStructure" name="test_update_employee_salary_ctc" time="0.231" /><testcase classname="backend.tests.test_salary_breakup.TestSalaryStructure" name="test_update_salary_ctc_back_to_original" time="0.132" /><testcase classname="backend.tests.test_salary_breakup.TestSalaryStructure" name="test_get_salary_unauthorized" time="0.136" /><testcase classname="backend.tests.test_salary_breakup.TestSalaryAdjustments" name="test_list_adjustments" time="0.118" /><testcase classname="backend.tests.test_salary_breakup.TestSalaryAdjustments" name="test_create_bonus_adjustment_one_time" time="0.124" /><testcase classname="backend.tests.test_salary_breakup.TestSalaryAdjustments" name="test_create_deduction_adjustment" time="0.274" /><testcase classname="backend.tests.test_salary_breakup.TestSalaryAdjustments" name="test_create_recurring_adjustment" time="0.300" /><testcase classname="backend.tests.test_salary_breakup.TestSalaryAdjustments" name="test_delete_adjustment" time="0.209" /><testcase classname="backend.tests.test_salary_breakup.TestSalaryAdjustments" name="test_delete_nonexistent_adjustment" time="0.141" /><testcase classname="backend.tests.test_salary_breakup.TestPayslip" name="test_get_payslip_current_month" time="0.118" /><testcase classname="backend.tests.test_salary_breakup.TestPayslip" name="test_payslip_with_adjustments" time="0.738" /><testcase classname="backend.tests.test_salary_breakup.TestPayslip" name="test_payslip_invalid_month_format" time="0.121"><failure message="assert 200 == 400&#10; +  where 200 = &lt;Response [200]&gt;.status_code">backend/tests/test_salary_breakup.py:346: in test_payslip_invalid_month_format
    assert response.status_code == 400
E   assert 200 == 400
E    +  where 200 = &lt;Response [200]&gt;.status_code</failure></testcase><testcase classname="backend.tests.test_salary_breakup.TestPayslip" name="test_payslip_nonexistent_employee" time="0.157" /><testcase classname="backend.tests.test_salary_breakup.TestEmployeeSalaryView" name="test_employee_get_own_salary" time="0.288" /><testcase classname="backend.tests.test_salary_breakup.TestEmployeeSalaryView" name="test_employee_cannot_update_salary" time="0.102" /><testcase classname="backend.tests.test_salary_breakup.TestEmployeeSalaryView" name="test_employee_cannot_create_adjustment" time="0.145" /><testcase classname="backend.tests.test_salary_breakup.TestSalaryCalculations" name="test_salary_components_add_up" time="0.142" /><testcase classname="backend.tests.test_salary_breakup.TestCleanup" name="test_cleanup_test_adjustments" time="0.212" /></testsuite></testsuites>