<?xml version="1.0" encoding="utf-8"?><testsuites name="pytest tests"><testsuite name="pytest" errors="0" failures="0" skipped="0" tests="14" time="119.503" timestamp="2026-04-27T10:45:56.505870+00:00" hostname="agent-env-300edaa4-d117-47a1-b09a-3cbf94a2dd3c"><testcase classname="backend.tests.test_settings_module.TestDepartments" name="test_list_departments" time="3.060" /><testcase classname="backend.tests.test_settings_module.TestDepartments" name="test_department_create_update_delete_flow" time="9.828" /><testcase classname="backend.tests.test_settings_module.TestTeams" name="test_team_crud_with_dept_fk_and_propagation" time="19.015" /><testcase classname="backend.tests.test_settings_module.TestDesignations" name="test_designation_crud_and_auto_seed" time="8.068" /><testcase classname="backend.tests.test_settings_module.TestHolidays" name="test_holiday_crud_unique_date_and_is_paid" time="3.952" /><testcase classname="backend.tests.test_settings_module.TestShifts" name="test_shift_validation_errors" time="0.558" /><testcase classname="backend.tests.test_settings_module.TestShifts" name="test_shift_update_and_list" time="5.066" /><testcase classname="backend.tests.test_settings_module.TestShifts" name="test_shift_single_assignment_and_resolve" time="6.771" /><testcase classname="backend.tests.test_settings_module.TestShifts" name="test_shift_bulk_assign_by_filter" time="20.856" /><testcase classname="backend.tests.test_settings_module.TestAttendanceEngine" name="test_calculate_attendance_late_grace_zero" time="28.839" /><testcase classname="backend.tests.test_settings_module.TestRBAC" name="test_employee_gets_403_on_write_endpoints" time="2.038" /><testcase classname="backend.tests.test_settings_module.TestLegacyEndpoints" name="test_legacy_departments_still_work" time="5.134" /><testcase classname="backend.tests.test_settings_module.TestLegacyEndpoints" name="test_legacy_teams_still_work" time="5.759" /><testcase classname="backend.tests.test_settings_module.TestLegacyEndpoints" name="test_legacy_holidays_still_work" time="0.505" /></testsuite></testsuites>