<?xml version="1.0" encoding="utf-8"?><testsuites name="pytest tests"><testsuite name="pytest" errors="0" failures="0" skipped="0" tests="10" time="67.173" timestamp="2026-07-17T13:34:09.033083+00:00" hostname="agent-env-d2b154a6-5072-46ae-9b41-0f74a8491535"><testcase classname="tests.test_star_reward_override.TestEntryOverrideValidation" name="test_missing_employee_id_returns_400" time="44.343" /><testcase classname="tests.test_star_reward_override.TestEntryOverrideValidation" name="test_missing_ref_date_returns_400" time="2.188" /><testcase classname="tests.test_star_reward_override.TestEntryOverrideValidation" name="test_missing_note_returns_400" time="0.591" /><testcase classname="tests.test_star_reward_override.TestEntryOverrideValidation" name="test_invalid_leave_validity_returns_400" time="0.640" /><testcase classname="tests.test_star_reward_override.TestEntryOverrideValidation" name="test_non_hr_returns_403" time="1.909" /><testcase classname="tests.test_star_reward_override.TestEntryOverrideHappy" name="test_override_without_leave_validity_still_ok" time="2.215" /><testcase classname="tests.test_star_reward_override.TestEntryOverrideHappy" name="test_override_with_valid_leave_persists_and_month_summary" time="3.883" /><testcase classname="tests.test_star_reward_override.TestEntryOverrideHappy" name="test_repeat_edit_does_not_accumulate" time="6.078" /><testcase classname="tests.test_star_reward_override.TestEntryOverrideHappy" name="test_invalid_leave_persists" time="2.236" /><testcase classname="tests.test_star_reward_override.TestSysAdminOverride" name="test_system_admin_can_override" time="3.037" /></testsuite></testsuites>