<?xml version="1.0" encoding="utf-8"?><testsuites name="pytest tests"><testsuite name="pytest" errors="0" failures="0" skipped="0" tests="15" time="87.050" timestamp="2026-07-29T13:55:54.176159+00:00" hostname="agent-env-d2b154a6-5072-46ae-9b41-0f74a8491535"><testcase classname="tests.test_payroll_sunday_hd_fd.TestSanjay" name="test_extra_pay_total" time="79.985" /><testcase classname="tests.test_payroll_sunday_hd_fd.TestSanjay" name="test_weekoff_pay_preserved" time="0.000" /><testcase classname="tests.test_payroll_sunday_hd_fd.TestSanjay" name="test_19jul_HD" time="0.000" /><testcase classname="tests.test_payroll_sunday_hd_fd.TestSanjay" name="test_12jul_FD" time="0.000" /><testcase classname="tests.test_payroll_sunday_hd_fd.TestSanjay" name="test_unworked_sundays_WO" time="0.000" /><testcase classname="tests.test_payroll_sunday_hd_fd.TestSanjay" name="test_extra_pay_sum_matches" time="0.000" /><testcase classname="tests.test_payroll_sunday_hd_fd.TestSanjay" name="test_extra_not_in_payable" time="0.000" /><testcase classname="tests.test_payroll_sunday_hd_fd.TestGlobalSundayRules" name="test_19jul_by_name[Rishi S Nayak-HD-0.5]" time="0.000" /><testcase classname="tests.test_payroll_sunday_hd_fd.TestGlobalSundayRules" name="test_19jul_by_name[Kota Dhanakumar-FD-1.0]" time="0.000" /><testcase classname="tests.test_payroll_sunday_hd_fd.TestGlobalSundayRules" name="test_19jul_by_name[Vedanth Reddy-WO-0.0]" time="0.000" /><testcase classname="tests.test_payroll_sunday_hd_fd.TestIncompletePunchMP" name="test_kota_12jul_mp" time="0.000" /><testcase classname="tests.test_payroll_sunday_hd_fd.TestIncompletePunchMP" name="test_adhitya_12jul_wo_not_mp" time="0.000" /><testcase classname="tests.test_payroll_sunday_hd_fd.TestRegressions" name="test_june_full_month_payable_30" time="4.545" /><testcase classname="tests.test_payroll_sunday_hd_fd.TestRegressions" name="test_august_future_zero" time="2.436" /><testcase classname="tests.test_payroll_sunday_hd_fd.TestRegressions" name="test_july_cutoff_30_31_na" time="0.000" /></testsuite></testsuites>