<?xml version="1.0" encoding="utf-8"?><testsuites name="pytest tests"><testsuite name="pytest" errors="0" failures="0" skipped="0" tests="19" time="72.268" timestamp="2026-06-05T13:39:22.932372+00:00" hostname="agent-env-d2b154a6-5072-46ae-9b41-0f74a8491535"><testcase classname="tests.test_vigilance_flow.TestAccess" name="test_admin_has_access" time="43.343" /><testcase classname="tests.test_vigilance_flow.TestAccess" name="test_vig1_has_access" time="0.582" /><testcase classname="tests.test_vigilance_flow.TestAccess" name="test_normal_no_access" time="0.682" /><testcase classname="tests.test_vigilance_flow.TestAccess" name="test_normal_blocked_from_entries" time="0.641" /><testcase classname="tests.test_vigilance_flow.TestTemplate" name="test_template_admin" time="2.765" /><testcase classname="tests.test_vigilance_flow.TestTemplate" name="test_template_to_before_from_400" time="0.633" /><testcase classname="tests.test_vigilance_flow.TestIsolationAndMerge" name="test_vig1_sees_own_only" time="8.598" /><testcase classname="tests.test_vigilance_flow.TestIsolationAndMerge" name="test_vig2_sees_own_only" time="1.313" /><testcase classname="tests.test_vigilance_flow.TestIsolationAndMerge" name="test_admin_merged_single_row" time="1.053" /><testcase classname="tests.test_vigilance_flow.TestCRUD" name="test_vig2_cannot_edit_vig1_entry" time="1.837" /><testcase classname="tests.test_vigilance_flow.TestCRUD" name="test_admin_can_edit_anyone" time="1.884" /><testcase classname="tests.test_vigilance_flow.TestValidation" name="test_invalid_time_422" time="2.607" /><testcase classname="tests.test_vigilance_flow.TestValidation" name="test_non_xlsx_rejected" time="0.574" /><testcase classname="tests.test_vigilance_flow.TestExportAndIntegration" name="test_admin_export" time="1.036" /><testcase classname="tests.test_vigilance_flow.TestExportAndIntegration" name="test_vig1_export" time="1.316" /><testcase classname="tests.test_vigilance_flow.TestExportAndIntegration" name="test_attendance_integration_admin" time="0.578" /><testcase classname="tests.test_vigilance_flow.TestExportAndIntegration" name="test_attendance_integration_blocks_vig" time="0.567" /><testcase classname="tests.test_vigilance_flow.TestRegression" name="test_employees_endpoint" time="0.839" /><testcase classname="tests.test_vigilance_flow.TestRegression" name="test_attendance_endpoint" time="1.184" /></testsuite></testsuites>