<?xml version="1.0" encoding="utf-8"?><testsuites name="pytest tests"><testsuite name="pytest" errors="0" failures="0" skipped="0" tests="30" time="86.748" timestamp="2026-06-06T10:36:37.945035+00:00" hostname="agent-env-d2b154a6-5072-46ae-9b41-0f74a8491535"><testcase classname="tests.test_vigilance_flow.TestAccess" name="test_admin_has_access" time="4.404" /><testcase classname="tests.test_vigilance_flow.TestAccess" name="test_vig1_has_access" time="0.597" /><testcase classname="tests.test_vigilance_flow.TestAccess" name="test_normal_no_access" time="0.590" /><testcase classname="tests.test_vigilance_flow.TestAccess" name="test_normal_blocked_from_entries" time="0.622" /><testcase classname="tests.test_vigilance_flow.TestTemplate" name="test_template_admin" time="2.607" /><testcase classname="tests.test_vigilance_flow.TestTemplate" name="test_template_to_before_from_400" time="0.596" /><testcase classname="tests.test_vigilance_flow.TestTemplate" name="test_template_has_merged_group_headers" time="1.643" /><testcase classname="tests.test_vigilance_flow.TestTemplate" name="test_template_respects_team_filter" time="3.005" /><testcase classname="tests.test_vigilance_flow.TestTemplate" name="test_template_respects_employee_name_filter" time="1.924" /><testcase classname="tests.test_vigilance_flow.TestIsolationAndMerge" name="test_vig1_sees_own_only" time="7.912" /><testcase classname="tests.test_vigilance_flow.TestIsolationAndMerge" name="test_vig2_sees_own_only" time="1.895" /><testcase classname="tests.test_vigilance_flow.TestIsolationAndMerge" name="test_admin_merged_single_row" time="1.613" /><testcase classname="tests.test_vigilance_flow.TestCRUD" name="test_vig2_cannot_edit_vig1_entry" time="2.478" /><testcase classname="tests.test_vigilance_flow.TestCRUD" name="test_admin_can_edit_anyone" time="2.484" /><testcase classname="tests.test_vigilance_flow.TestValidation" name="test_invalid_time_422" time="2.784" /><testcase classname="tests.test_vigilance_flow.TestValidation" name="test_non_xlsx_rejected" time="0.583" /><testcase classname="tests.test_vigilance_flow.TestDurationFormats" name="test_hhmmss_accepted_and_rendered_with_seconds" time="7.523" /><testcase classname="tests.test_vigilance_flow.TestDurationFormats" name="test_invalid_duration_rejected" time="5.791" /><testcase classname="tests.test_vigilance_flow.TestDurationFormats" name="test_upload_sheet_accepts_hhmmss" time="9.660" /><testcase classname="tests.test_vigilance_flow.TestExportAndIntegration" name="test_admin_export" time="1.872" /><testcase classname="tests.test_vigilance_flow.TestExportAndIntegration" name="test_vig1_export" time="1.895" /><testcase classname="tests.test_vigilance_flow.TestExportAndIntegration" name="test_attendance_integration_admin" time="1.074" /><testcase classname="tests.test_vigilance_flow.TestExportAndIntegration" name="test_attendance_integration_members_always_listed" time="1.113" /><testcase classname="tests.test_vigilance_flow.TestExportAndIntegration" name="test_attendance_integration_blocks_vig" time="0.596" /><testcase classname="tests.test_vigilance_flow.TestRegression" name="test_employees_endpoint" time="0.850" /><testcase classname="tests.test_vigilance_flow.TestRegression" name="test_attendance_endpoint" time="1.669" /><testcase classname="tests.test_vigilance_flow.TestBaseGrid" name="test_admin_default_today_renders_base_rows" time="1.622" /><testcase classname="tests.test_vigilance_flow.TestBaseGrid" name="test_vigilance_user_sees_base_grid" time="1.884" /><testcase classname="tests.test_vigilance_flow.TestBaseGrid" name="test_range_expands_employee_day_grid" time="3.282" /><testcase classname="tests.test_vigilance_flow.TestBaseGrid" name="test_create_merges_and_isolation_then_cleanup" time="11.938" /></testsuite></testsuites>