<?xml version="1.0" encoding="utf-8"?><testsuites name="pytest tests"><testsuite name="pytest" errors="0" failures="0" skipped="1" tests="22" time="105.240" timestamp="2026-07-16T10:25:22.348993+00:00" hostname="agent-env-d2b154a6-5072-46ae-9b41-0f74a8491535"><testcase classname="tests.test_warning_module.TestRoleGating" name="test_employee_cannot_list_warnings" time="63.990" /><testcase classname="tests.test_warning_module.TestRoleGating" name="test_employee_cannot_view_stats" time="0.954" /><testcase classname="tests.test_warning_module.TestRoleGating" name="test_employee_cannot_export_csv" time="0.505" /><testcase classname="tests.test_warning_module.TestRoleGating" name="test_hr_can_list_warnings" time="1.597" /><testcase classname="tests.test_warning_module.TestRoleGating" name="test_hr_can_view_stats" time="1.190" /><testcase classname="tests.test_warning_module.TestWarningLifecycle" name="test_create_draft" time="1.660" /><testcase classname="tests.test_warning_module.TestWarningLifecycle" name="test_get_warning_detail_persisted" time="0.733" /><testcase classname="tests.test_warning_module.TestWarningLifecycle" name="test_submit_for_approval" time="2.172" /><testcase classname="tests.test_warning_module.TestWarningLifecycle" name="test_approve_assigns_reference" time="2.394" /><testcase classname="tests.test_warning_module.TestWarningLifecycle" name="test_send_email_graceful" time="2.555" /><testcase classname="tests.test_warning_module.TestWarningLifecycle" name="test_audit_trail_populated" time="0.740" /><testcase classname="tests.test_warning_module.TestEmployeeFlow" name="test_employee_can_see_own_warnings" time="0.741" /><testcase classname="tests.test_warning_module.TestEmployeeFlow" name="test_employee_can_view_own_warning_detail" time="0.738" /><testcase classname="tests.test_warning_module.TestEmployeeFlow" name="test_employee_cannot_view_unrelated_warning" time="2.601"><skipped type="pytest.skip" message="No unrelated employee to test forbidden access">/app/backend/tests/test_warning_module.py:220: No unrelated employee to test forbidden access</skipped></testcase><testcase classname="tests.test_warning_module.TestEmployeeFlow" name="test_employee_acknowledge_own_warning" time="2.905" /><testcase classname="tests.test_warning_module.TestEmployeeFlow" name="test_employee_respond" time="2.896" /><testcase classname="tests.test_warning_module.TestOtherActions" name="test_reject_flow" time="5.266" /><testcase classname="tests.test_warning_module.TestOtherActions" name="test_close_case" time="2.158" /><testcase classname="tests.test_warning_module.TestOtherActions" name="test_revoke_case" time="6.928" /><testcase classname="tests.test_warning_module.TestCSVExport" name="test_export_csv" time="0.738" /><testcase classname="tests.test_warning_module.TestValidation" name="test_create_without_employee_fails" time="0.502" /><testcase classname="tests.test_warning_module.TestValidation" name="test_stats_returns_nonzero_after_creation" time="1.191" /></testsuite></testsuites>